2018-07-17 17:22:06.763 [info] <0.620.0>@partisan_config:init:58 Using node name: generic_node_2@GrispAdhoc
2018-07-17 17:22:06.777 [info] <0.622.0>@partisan_config:get_node_address:173 Resolving "GrispAdhoc"...
2018-07-17 17:22:06.866 [info] <0.622.0>@partisan_config:get_node_address:176 Resolved "generic_node_2@GrispAdhoc" to {192,168,1,9}
2018-07-17 17:22:06.866 [info] <0.620.0>@partisan_config:get_node_address:193 Resolved "GrispAdhoc" to {192,168,1,9}
2018-07-17 17:22:06.969 [info] <0.620.0>@partisan_sup:init:63 Partisan listening on {192,168,1,9}:50124 listen_addrs: [#{ip => {192,168,1,9},port => 50124}]
2018-07-17 17:22:07.228 [info] <0.685.0>@lasp_sup:configure_defaults:219 Setting jitter: false
2018-07-17 17:22:07.237 [info] <0.685.0>@lasp_sup:configure_defaults:224 Setting jitter percent: 1
2018-07-17 17:22:07.240 [info] <0.685.0>@lasp_sup:configure_defaults:229 Setting tutorial: false
2018-07-17 17:22:07.248 [info] <0.685.0>@lasp_sup:configure_defaults:234 Setting event interval: 0
2018-07-17 17:22:07.255 [info] <0.685.0>@lasp_sup:configure_defaults:239 Setting max events: 1000
2018-07-17 17:22:07.263 [info] <0.685.0>@lasp_sup:configure_defaults:244 Setting extended logging: false
2018-07-17 17:22:07.274 [info] <0.685.0>@lasp_sup:configure_defaults:249 Setting mailbox logging: false
2018-07-17 17:22:07.323 [info] <0.685.0>@lasp_sup:configure_defaults:254 Setting operation mode: state_based
2018-07-17 17:22:07.332 [info] <0.685.0>@lasp_sup:configure_defaults:259 Setting set type: orset
2018-07-17 17:22:07.345 [info] <0.685.0>@lasp_sup:configure_defaults:272 Setting broadcast: false
2018-07-17 17:22:07.485 [info] <0.685.0>@lasp_sup:init:88 Membership: true
2018-07-17 17:22:07.487 [info] <0.685.0>@lasp_sup:init:106 Workflow: false
2018-07-17 17:22:07.508 [info] <0.685.0>@lasp_sup:advertisement_counter_child_specs:393 AdClientEnabled: false
2018-07-17 17:22:07.557 [info] <0.685.0>@lasp_sup:advertisement_counter_child_specs:426 AdServerEnabled: false
2018-07-17 17:22:07.572 [info] <0.685.0>@lasp_sup:game_tournament_child_specs:456 TournClientEnabled: false
2018-07-17 17:22:07.574 [info] <0.685.0>@lasp_sup:game_tournament_child_specs:475 TournServerEnabled: false
2018-07-17 17:22:07.576 [info] <0.685.0>@lasp_sup:throughput_child_specs:498 ThroughputType: gset
2018-07-17 17:22:07.579 [info] <0.685.0>@lasp_sup:throughput_child_specs:506 ThroughputClientEnabled: false
2018-07-17 17:22:07.592 [info] <0.685.0>@lasp_sup:throughput_child_specs:525 ThroughputServerEnabled: false
2018-07-17 17:22:07.609 [info] <0.685.0>@lasp_sup:divergence_child_specs:548 DivergenceType: gcounter
2018-07-17 17:22:07.626 [info] <0.685.0>@lasp_sup:divergence_child_specs:556 DivergenceClientEnabled: false
2018-07-17 17:22:07.645 [info] <0.685.0>@lasp_sup:divergence_child_specs:575 DivergenceServerEnabled: false
2018-07-17 17:22:07.845 [info] <0.736.0>@lasp_ets_storage_backend:init:109 Backend initialized with pid: <0.736.0>
2018-07-17 17:22:07.845 [info] <0.735.0>@lasp_storage_backend:init:137 Backend lasp_ets_storage_backend initialized: <0.736.0>
2018-07-17 17:22:07.886 [info] <0.661.0>@lasp_membership:update_membership:117 Attempting to update membership; state: {state,{set,1,16,16,8,80,48,{[],[],[],[],[],[],[],[],[],[],[],[],[],[],[],[]},{{[],[],[],[],[#{channels => [undefined],listen_addrs => [#{ip => {192,168,1,9},port => 50124}],name => generic_node_2@GrispAdhoc,parallelism => 1,xbot_interval => 61174}],[],[],[],[],[],[],[],[],[],[],[]}}},1}
2018-07-17 17:22:07.898 [info] <0.661.0>@lasp_membership:update_membership:122 Declared dynamic membership: {<<"_membership">>,lwwregister}
2018-07-17 17:22:07.898 [info] <0.661.0>@lasp_membership:update_membership:126 Decoded membership: [generic_node_2@GrispAdhoc]
2018-07-17 17:22:07.898 [info] <0.661.0>@lasp:update:136 calling update on {<<"_membership">>,lwwregister} and {set,1531840927,[generic_node_2@GrispAdhoc]}
2018-07-17 17:22:07.945 [info] <0.732.0>@lasp_core:update:444 Update should perform update from {<<"_membership">>,lwwregister} {state_lwwregister,{0,undefined}} to {state_lwwregister,{1531840927,[generic_node_2@GrispAdhoc]}}
2018-07-17 17:22:07.985 [info] <0.661.0>@lasp_membership:update_membership:130 Updated membership: {<<"_membership">>,lwwregister}
2018-07-17 17:22:17.805 [info] <0.730.0>@lasp_plumtree_memory_report:plumtree_memory_report:131 Plumtree message queue: {message_queue_len,0}
2018-07-17 17:22:27.825 [info] <0.730.0>@lasp_plumtree_memory_report:plumtree_memory_report:131 Plumtree message queue: {message_queue_len,0}
2018-07-17 17:22:37.839 [info] <0.730.0>@lasp_plumtree_memory_report:plumtree_memory_report:131 Plumtree message queue: {message_queue_len,0}
2018-07-17 17:22:47.882 [info] <0.730.0>@lasp_plumtree_memory_report:plumtree_memory_report:131 Plumtree message queue: {message_queue_len,0}
2018-07-17 17:22:57.901 [info] <0.730.0>@lasp_plumtree_memory_report:plumtree_memory_report:131 Plumtree message queue: {message_queue_len,0}
2018-07-17 17:23:07.917 [info] <0.730.0>@lasp_plumtree_memory_report:plumtree_memory_report:131 Plumtree message queue: {message_queue_len,0}
2018-07-17 17:23:17.932 [info] <0.730.0>@lasp_plumtree_memory_report:plumtree_memory_report:131 Plumtree message queue: {message_queue_len,0}
2018-07-17 17:23:27.949 [info] <0.730.0>@lasp_plumtree_memory_report:plumtree_memory_report:131 Plumtree message queue: {message_queue_len,0}
2018-07-17 17:23:37.968 [info] <0.730.0>@lasp_plumtree_memory_report:plumtree_memory_report:131 Plumtree message queue: {message_queue_len,0}
2018-07-17 17:23:47.984 [info] <0.730.0>@lasp_plumtree_memory_report:plumtree_memory_report:131 Plumtree message queue: {message_queue_len,0}
2018-07-17 17:23:57.995 [info] <0.730.0>@lasp_plumtree_memory_report:plumtree_memory_report:131 Plumtree message queue: {message_queue_len,0}
2018-07-17 17:24:08.016 [info] <0.730.0>@lasp_plumtree_memory_report:plumtree_memory_report:131 Plumtree message queue: {message_queue_len,0}
2018-07-17 17:24:15.633 [info] <0.625.0>@partisan_config:init:58 Using node name: generic_node_2@GrispAdhoc
2018-07-17 17:24:15.642 [info] <0.627.0>@partisan_config:get_node_address:173 Resolving "GrispAdhoc"...
2018-07-17 17:24:15.687 [info] <0.627.0>@partisan_config:get_node_address:176 Resolved "generic_node_2@GrispAdhoc" to {192,168,1,9}
2018-07-17 17:24:15.687 [info] <0.625.0>@partisan_config:get_node_address:193 Resolved "GrispAdhoc" to {192,168,1,9}
2018-07-17 17:24:15.753 [info] <0.625.0>@partisan_sup:init:63 Partisan listening on {192,168,1,9}:50168 listen_addrs: [#{ip => {192,168,1,9},port => 50168}]
2018-07-17 17:24:15.877 [info] <0.690.0>@lasp_sup:configure_defaults:219 Setting jitter: false
2018-07-17 17:24:15.881 [info] <0.690.0>@lasp_sup:configure_defaults:224 Setting jitter percent: 1
2018-07-17 17:24:15.882 [info] <0.690.0>@lasp_sup:configure_defaults:229 Setting tutorial: false
2018-07-17 17:24:15.883 [info] <0.690.0>@lasp_sup:configure_defaults:234 Setting event interval: 0
2018-07-17 17:24:15.885 [info] <0.690.0>@lasp_sup:configure_defaults:239 Setting max events: 1000
2018-07-17 17:24:15.887 [info] <0.690.0>@lasp_sup:configure_defaults:244 Setting extended logging: false
2018-07-17 17:24:15.893 [info] <0.690.0>@lasp_sup:configure_defaults:249 Setting mailbox logging: false
2018-07-17 17:24:15.896 [info] <0.690.0>@lasp_sup:configure_defaults:254 Setting operation mode: state_based
2018-07-17 17:24:15.901 [info] <0.690.0>@lasp_sup:configure_defaults:259 Setting set type: orset
2018-07-17 17:24:15.910 [info] <0.690.0>@lasp_sup:configure_defaults:272 Setting broadcast: false
2018-07-17 17:24:15.999 [info] <0.690.0>@lasp_sup:init:88 Membership: true
2018-07-17 17:24:16.000 [info] <0.690.0>@lasp_sup:init:106 Workflow: false
2018-07-17 17:24:16.011 [info] <0.690.0>@lasp_sup:advertisement_counter_child_specs:393 AdClientEnabled: false
2018-07-17 17:24:16.021 [info] <0.690.0>@lasp_sup:advertisement_counter_child_specs:426 AdServerEnabled: false
2018-07-17 17:24:16.026 [info] <0.690.0>@lasp_sup:game_tournament_child_specs:456 TournClientEnabled: false
2018-07-17 17:24:16.032 [info] <0.690.0>@lasp_sup:game_tournament_child_specs:475 TournServerEnabled: false
2018-07-17 17:24:16.036 [info] <0.690.0>@lasp_sup:throughput_child_specs:498 ThroughputType: gset
2018-07-17 17:24:16.042 [info] <0.690.0>@lasp_sup:throughput_child_specs:506 ThroughputClientEnabled: false
2018-07-17 17:24:16.044 [info] <0.690.0>@lasp_sup:throughput_child_specs:525 ThroughputServerEnabled: false
2018-07-17 17:24:16.052 [info] <0.690.0>@lasp_sup:divergence_child_specs:548 DivergenceType: gcounter
2018-07-17 17:24:16.059 [info] <0.690.0>@lasp_sup:divergence_child_specs:556 DivergenceClientEnabled: false
2018-07-17 17:24:16.064 [info] <0.690.0>@lasp_sup:divergence_child_specs:575 DivergenceServerEnabled: false
2018-07-17 17:24:16.215 [info] <0.741.0>@lasp_ets_storage_backend:init:109 Backend initialized with pid: <0.741.0>
2018-07-17 17:24:16.215 [info] <0.740.0>@lasp_storage_backend:init:137 Backend lasp_ets_storage_backend initialized: <0.741.0>
2018-07-17 17:24:16.253 [info] <0.666.0>@lasp_membership:update_membership:117 Attempting to update membership; state: {state,{set,1,16,16,8,80,48,{[],[],[],[],[],[],[],[],[],[],[],[],[],[],[],[]},{{[],[],[],[#{channels => [undefined],listen_addrs => [#{ip => {192,168,1,9},port => 50168}],name => generic_node_2@GrispAdhoc,parallelism => 1,xbot_interval => 33128}],[],[],[],[],[],[],[],[],[],[],[],[]}}},1}
2018-07-17 17:24:16.265 [info] <0.666.0>@lasp_membership:update_membership:122 Declared dynamic membership: {<<"_membership">>,lwwregister}
2018-07-17 17:24:16.265 [info] <0.666.0>@lasp_membership:update_membership:126 Decoded membership: [generic_node_2@GrispAdhoc]
2018-07-17 17:24:16.265 [info] <0.666.0>@lasp:update:136 calling update on {<<"_membership">>,lwwregister} and {set,1531841056,[generic_node_2@GrispAdhoc]}
2018-07-17 17:24:16.298 [info] <0.737.0>@lasp_core:update:444 Update should perform update from {<<"_membership">>,lwwregister} {state_lwwregister,{0,undefined}} to {state_lwwregister,{1531841056,[generic_node_2@GrispAdhoc]}}
2018-07-17 17:24:16.328 [info] <0.666.0>@lasp_membership:update_membership:130 Updated membership: {<<"_membership">>,lwwregister}
2018-07-17 17:24:26.131 [info] <0.735.0>@lasp_plumtree_memory_report:plumtree_memory_report:131 Plumtree message queue: {message_queue_len,0}
2018-07-17 17:24:36.149 [info] <0.735.0>@lasp_plumtree_memory_report:plumtree_memory_report:131 Plumtree message queue: {message_queue_len,0}
2018-07-17 17:24:46.166 [info] <0.735.0>@lasp_plumtree_memory_report:plumtree_memory_report:131 Plumtree message queue: {message_queue_len,0}
2018-07-17 17:24:56.187 [info] <0.735.0>@lasp_plumtree_memory_report:plumtree_memory_report:131 Plumtree message queue: {message_queue_len,0}
2018-07-17 17:25:06.291 [info] <0.735.0>@lasp_plumtree_memory_report:plumtree_memory_report:131 Plumtree message queue: {message_queue_len,0}
2018-07-17 17:25:16.310 [info] <0.735.0>@lasp_plumtree_memory_report:plumtree_memory_report:131 Plumtree message queue: {message_queue_len,0}
2018-07-17 17:25:26.327 [info] <0.735.0>@lasp_plumtree_memory_report:plumtree_memory_report:131 Plumtree message queue: {message_queue_len,0}
2018-07-17 17:25:36.344 [info] <0.735.0>@lasp_plumtree_memory_report:plumtree_memory_report:131 Plumtree message queue: {message_queue_len,0}
2018-07-17 17:25:46.361 [info] <0.735.0>@lasp_plumtree_memory_report:plumtree_memory_report:131 Plumtree message queue: {message_queue_len,0}
2018-07-17 17:25:56.382 [info] <0.735.0>@lasp_plumtree_memory_report:plumtree_memory_report:131 Plumtree message queue: {message_queue_len,0}
2018-07-17 17:26:02.984 [info] <0.622.0>@partisan_config:init:58 Using node name: generic_node_2@GrispAdhoc
2018-07-17 17:26:02.993 [info] <0.624.0>@partisan_config:get_node_address:173 Resolving "GrispAdhoc"...
2018-07-17 17:26:03.038 [info] <0.624.0>@partisan_config:get_node_address:176 Resolved "generic_node_2@GrispAdhoc" to {192,168,1,9}
2018-07-17 17:26:03.039 [info] <0.622.0>@partisan_config:get_node_address:193 Resolved "GrispAdhoc" to {192,168,1,9}
2018-07-17 17:26:03.105 [info] <0.622.0>@partisan_sup:init:63 Partisan listening on {192,168,1,9}:50181 listen_addrs: [#{ip => {192,168,1,9},port => 50181}]
2018-07-17 17:26:03.225 [info] <0.687.0>@lasp_sup:configure_defaults:219 Setting jitter: false
2018-07-17 17:26:03.229 [info] <0.687.0>@lasp_sup:configure_defaults:224 Setting jitter percent: 1
2018-07-17 17:26:03.230 [info] <0.687.0>@lasp_sup:configure_defaults:229 Setting tutorial: false
2018-07-17 17:26:03.232 [info] <0.687.0>@lasp_sup:configure_defaults:234 Setting event interval: 0
2018-07-17 17:26:03.233 [info] <0.687.0>@lasp_sup:configure_defaults:239 Setting max events: 1000
2018-07-17 17:26:03.235 [info] <0.687.0>@lasp_sup:configure_defaults:244 Setting extended logging: false
2018-07-17 17:26:03.237 [info] <0.687.0>@lasp_sup:configure_defaults:249 Setting mailbox logging: false
2018-07-17 17:26:03.241 [info] <0.687.0>@lasp_sup:configure_defaults:254 Setting operation mode: state_based
2018-07-17 17:26:03.245 [info] <0.687.0>@lasp_sup:configure_defaults:259 Setting set type: orset
2018-07-17 17:26:03.253 [info] <0.687.0>@lasp_sup:configure_defaults:272 Setting broadcast: false
2018-07-17 17:26:03.348 [info] <0.687.0>@lasp_sup:init:88 Membership: true
2018-07-17 17:26:03.349 [info] <0.687.0>@lasp_sup:init:106 Workflow: false
2018-07-17 17:26:03.361 [info] <0.687.0>@lasp_sup:advertisement_counter_child_specs:393 AdClientEnabled: false
2018-07-17 17:26:03.372 [info] <0.687.0>@lasp_sup:advertisement_counter_child_specs:426 AdServerEnabled: false
2018-07-17 17:26:03.378 [info] <0.687.0>@lasp_sup:game_tournament_child_specs:456 TournClientEnabled: false
2018-07-17 17:26:03.390 [info] <0.687.0>@lasp_sup:game_tournament_child_specs:475 TournServerEnabled: false
2018-07-17 17:26:03.392 [info] <0.687.0>@lasp_sup:throughput_child_specs:498 ThroughputType: gset
2018-07-17 17:26:03.396 [info] <0.687.0>@lasp_sup:throughput_child_specs:506 ThroughputClientEnabled: false
2018-07-17 17:26:03.401 [info] <0.687.0>@lasp_sup:throughput_child_specs:525 ThroughputServerEnabled: false
2018-07-17 17:26:03.409 [info] <0.687.0>@lasp_sup:divergence_child_specs:548 DivergenceType: gcounter
2018-07-17 17:26:03.414 [info] <0.687.0>@lasp_sup:divergence_child_specs:556 DivergenceClientEnabled: false
2018-07-17 17:26:03.424 [info] <0.687.0>@lasp_sup:divergence_child_specs:575 DivergenceServerEnabled: false
2018-07-17 17:26:03.539 [info] <0.738.0>@lasp_ets_storage_backend:init:109 Backend initialized with pid: <0.738.0>
2018-07-17 17:26:03.539 [info] <0.737.0>@lasp_storage_backend:init:137 Backend lasp_ets_storage_backend initialized: <0.738.0>
2018-07-17 17:26:03.554 [info] <0.663.0>@lasp_membership:update_membership:117 Attempting to update membership; state: {state,{set,1,16,16,8,80,48,{[],[],[],[],[],[],[],[],[],[],[],[],[],[],[],[]},{{[],[],[],[],[],[],[],[],[],[#{channels => [undefined],listen_addrs => [#{ip => {192,168,1,9},port => 50181}],name => generic_node_2@GrispAdhoc,parallelism => 1,xbot_interval => 49269}],[],[],[],[],[],[]}}},1}
2018-07-17 17:26:03.592 [info] <0.663.0>@lasp_membership:update_membership:122 Declared dynamic membership: {<<"_membership">>,lwwregister}
2018-07-17 17:26:03.592 [info] <0.663.0>@lasp_membership:update_membership:126 Decoded membership: [generic_node_2@GrispAdhoc]
2018-07-17 17:26:03.592 [info] <0.663.0>@lasp:update:136 calling update on {<<"_membership">>,lwwregister} and {set,1531841163,[generic_node_2@GrispAdhoc]}
2018-07-17 17:26:03.652 [info] <0.734.0>@lasp_core:update:444 Update should perform update from {<<"_membership">>,lwwregister} {state_lwwregister,{0,undefined}} to {state_lwwregister,{1531841163,[generic_node_2@GrispAdhoc]}}
2018-07-17 17:26:03.665 [info] <0.663.0>@lasp_membership:update_membership:130 Updated membership: {<<"_membership">>,lwwregister}
2018-07-17 17:26:03.679 [warning] <0.663.0>@partisan_peer_service_events:handle_info:96 Unhandled info messages at module partisan_peer_service_events: {'EXIT',<0.741.0>,shutdown}
2018-07-17 17:26:03.679 [warning] <0.663.0>@partisan_peer_service_events:handle_info:96 Unhandled info messages at module partisan_peer_service_events: {'EXIT',<0.741.0>,shutdown}
2018-07-17 17:26:03.682 [warning] <0.663.0>@partisan_peer_service_events:handle_info:96 Unhandled info messages at module partisan_peer_service_events: {'EXIT',<0.682.0>,shutdown}
2018-07-17 22:05:58.472 [info] <0.581.0>@partisan_config:init:58 Using node name: generic_node_2@GrispAdhoc
2018-07-17 22:05:58.479 [info] <0.583.0>@partisan_config:get_node_address:173 Resolving "GrispAdhoc"...
2018-07-17 22:05:58.535 [info] <0.583.0>@partisan_config:get_node_address:176 Resolved "generic_node_2@GrispAdhoc" to {127,0,0,1}
2018-07-17 22:05:58.535 [info] <0.581.0>@partisan_config:get_node_address:193 Resolved "GrispAdhoc" to {127,0,0,1}
2018-07-17 22:05:58.604 [info] <0.581.0>@partisan_sup:init:63 Partisan listening on {127,0,0,1}:52850 listen_addrs: [#{ip => {127,0,0,1},port => 52850}]
2018-07-17 22:05:58.721 [info] <0.646.0>@lasp_sup:configure_defaults:219 Setting jitter: false
2018-07-17 22:05:58.725 [info] <0.646.0>@lasp_sup:configure_defaults:224 Setting jitter percent: 1
2018-07-17 22:05:58.726 [info] <0.646.0>@lasp_sup:configure_defaults:229 Setting tutorial: false
2018-07-17 22:05:58.728 [info] <0.646.0>@lasp_sup:configure_defaults:234 Setting event interval: 0
2018-07-17 22:05:58.729 [info] <0.646.0>@lasp_sup:configure_defaults:239 Setting max events: 1000
2018-07-17 22:05:58.730 [info] <0.646.0>@lasp_sup:configure_defaults:244 Setting extended logging: false
2018-07-17 22:05:58.732 [info] <0.646.0>@lasp_sup:configure_defaults:249 Setting mailbox logging: false
2018-07-17 22:05:58.737 [info] <0.646.0>@lasp_sup:configure_defaults:254 Setting operation mode: state_based
2018-07-17 22:05:58.739 [info] <0.646.0>@lasp_sup:configure_defaults:259 Setting set type: orset
2018-07-17 22:05:58.746 [info] <0.646.0>@lasp_sup:configure_defaults:272 Setting broadcast: false
2018-07-17 22:05:58.853 [info] <0.646.0>@lasp_sup:init:88 Membership: true
2018-07-17 22:05:58.856 [info] <0.646.0>@lasp_sup:init:106 Workflow: false
2018-07-17 22:05:58.861 [info] <0.646.0>@lasp_sup:advertisement_counter_child_specs:393 AdClientEnabled: false
2018-07-17 22:05:58.864 [info] <0.646.0>@lasp_sup:advertisement_counter_child_specs:426 AdServerEnabled: false
2018-07-17 22:05:58.865 [info] <0.646.0>@lasp_sup:game_tournament_child_specs:456 TournClientEnabled: false
2018-07-17 22:05:58.867 [info] <0.646.0>@lasp_sup:game_tournament_child_specs:475 TournServerEnabled: false
2018-07-17 22:05:58.872 [info] <0.646.0>@lasp_sup:throughput_child_specs:498 ThroughputType: gset
2018-07-17 22:05:58.874 [info] <0.646.0>@lasp_sup:throughput_child_specs:506 ThroughputClientEnabled: false
2018-07-17 22:05:58.879 [info] <0.646.0>@lasp_sup:throughput_child_specs:525 ThroughputServerEnabled: false
2018-07-17 22:05:58.883 [info] <0.646.0>@lasp_sup:divergence_child_specs:548 DivergenceType: gcounter
2018-07-17 22:05:58.892 [info] <0.646.0>@lasp_sup:divergence_child_specs:556 DivergenceClientEnabled: false
2018-07-17 22:05:58.894 [info] <0.646.0>@lasp_sup:divergence_child_specs:575 DivergenceServerEnabled: false
2018-07-17 22:05:59.011 [info] <0.697.0>@lasp_ets_storage_backend:init:109 Backend initialized with pid: <0.697.0>
2018-07-17 22:05:59.011 [info] <0.696.0>@lasp_storage_backend:init:137 Backend lasp_ets_storage_backend initialized: <0.697.0>
2018-07-17 22:05:59.055 [info] <0.622.0>@lasp_membership:update_membership:117 Attempting to update membership; state: {state,{set,1,16,16,8,80,48,{[],[],[],[],[],[],[],[],[],[],[],[],[],[],[],[]},{{[],[],[],[],[],[],[#{channels => [undefined],listen_addrs => [#{ip => {127,0,0,1},port => 52850}],name => generic_node_2@GrispAdhoc,parallelism => 1,xbot_interval => 19183}],[],[],[],[],[],[],[],[],[]}}},1}
2018-07-17 22:05:59.075 [info] <0.622.0>@lasp_membership:update_membership:122 Declared dynamic membership: {<<"_membership">>,lwwregister}
2018-07-17 22:05:59.075 [info] <0.622.0>@lasp_membership:update_membership:126 Decoded membership: [generic_node_2@GrispAdhoc]
2018-07-17 22:05:59.076 [info] <0.622.0>@lasp:update:136 calling update on {<<"_membership">>,lwwregister} and {set,1531857959,[generic_node_2@GrispAdhoc]}
2018-07-17 22:05:59.122 [info] <0.693.0>@lasp_core:update:444 Update should perform update from {<<"_membership">>,lwwregister} {state_lwwregister,{0,undefined}} to {state_lwwregister,{1531857959,[generic_node_2@GrispAdhoc]}}
2018-07-17 22:05:59.182 [info] <0.698.0>@lasp_state_based_synchronization_backend:handle_call:117 Sending updates...
2018-07-17 22:05:59.186 [info] <0.622.0>@lasp_membership:update_membership:130 Updated membership: {<<"_membership">>,lwwregister}
2018-07-17 22:06:08.952 [info] <0.691.0>@lasp_plumtree_memory_report:plumtree_memory_report:131 Plumtree message queue: {message_queue_len,0}
2018-07-17 22:06:18.968 [info] <0.691.0>@lasp_plumtree_memory_report:plumtree_memory_report:131 Plumtree message queue: {message_queue_len,0}
2018-07-17 22:06:28.983 [info] <0.691.0>@lasp_plumtree_memory_report:plumtree_memory_report:131 Plumtree message queue: {message_queue_len,0}
2018-07-17 22:06:39.000 [info] <0.691.0>@lasp_plumtree_memory_report:plumtree_memory_report:131 Plumtree message queue: {message_queue_len,0}
2018-07-17 22:06:49.026 [info] <0.691.0>@lasp_plumtree_memory_report:plumtree_memory_report:131 Plumtree message queue: {message_queue_len,0}
2018-07-17 22:06:59.043 [info] <0.691.0>@lasp_plumtree_memory_report:plumtree_memory_report:131 Plumtree message queue: {message_queue_len,0}
2018-07-17 22:07:09.060 [info] <0.691.0>@lasp_plumtree_memory_report:plumtree_memory_report:131 Plumtree message queue: {message_queue_len,0}
2018-07-17 22:07:19.091 [info] <0.691.0>@lasp_plumtree_memory_report:plumtree_memory_report:131 Plumtree message queue: {message_queue_len,0}
2018-07-17 22:07:29.108 [info] <0.691.0>@lasp_plumtree_memory_report:plumtree_memory_report:131 Plumtree message queue: {message_queue_len,0}
2018-07-17 22:07:39.125 [info] <0.691.0>@lasp_plumtree_memory_report:plumtree_memory_report:131 Plumtree message queue: {message_queue_len,0}
2018-07-17 22:07:49.142 [info] <0.691.0>@lasp_plumtree_memory_report:plumtree_memory_report:131 Plumtree message queue: {message_queue_len,0}
2018-07-17 22:07:59.159 [info] <0.691.0>@lasp_plumtree_memory_report:plumtree_memory_report:131 Plumtree message queue: {message_queue_len,0}
2018-07-17 22:08:09.181 [info] <0.691.0>@lasp_plumtree_memory_report:plumtree_memory_report:131 Plumtree message queue: {message_queue_len,0}
2018-07-17 22:08:19.202 [info] <0.691.0>@lasp_plumtree_memory_report:plumtree_memory_report:131 Plumtree message queue: {message_queue_len,0}
2018-07-17 22:08:29.265 [info] <0.691.0>@lasp_plumtree_memory_report:plumtree_memory_report:131 Plumtree message queue: {message_queue_len,0}
2018-07-17 22:08:39.373 [info] <0.691.0>@lasp_plumtree_memory_report:plumtree_memory_report:131 Plumtree message queue: {message_queue_len,0}
2018-07-17 22:08:49.391 [info] <0.691.0>@lasp_plumtree_memory_report:plumtree_memory_report:131 Plumtree message queue: {message_queue_len,0}
2018-07-17 22:08:59.408 [info] <0.691.0>@lasp_plumtree_memory_report:plumtree_memory_report:131 Plumtree message queue: {message_queue_len,0}
2018-07-17 22:09:09.426 [info] <0.691.0>@lasp_plumtree_memory_report:plumtree_memory_report:131 Plumtree message queue: {message_queue_len,0}
