2018-07-24 01:27:31 =ERROR REPORT====
** Generic server node_ping_worker terminating 
** Last message in was {full_ping}
** When Server state == []
** Reason for termination == 
** {'module could not be loaded',[{grisp_led,color,[1,green],[]},{node_ping_worker,ping,3,[{file,"/Users/oxynad/Documents/thesis/GrispLasp/node/_build/test/lib/node/src/node_ping_worker.erl"},{line,129}]},{node_ping_worker,handle_info,2,[{file,"/Users/oxynad/Documents/thesis/GrispLasp/node/_build/test/lib/node/src/node_ping_worker.erl"},{line,65}]},{gen_server,try_dispatch,4,[{file,"gen_server.erl"},{line,637}]},{gen_server,handle_msg,6,[{file,"gen_server.erl"},{line,711}]},{proc_lib,init_p_do_apply,3,[{file,"proc_lib.erl"},{line,249}]}]}
2018-07-24 01:27:31 =CRASH REPORT====
  crasher:
    initial call: node_ping_worker:init/1
    pid: <0.882.0>
    registered_name: node_ping_worker
    exception error: {undef,[{grisp_led,color,[1,green],[]},{node_ping_worker,ping,3,[{file,"/Users/oxynad/Documents/thesis/GrispLasp/node/_build/test/lib/node/src/node_ping_worker.erl"},{line,129}]},{node_ping_worker,handle_info,2,[{file,"/Users/oxynad/Documents/thesis/GrispLasp/node/_build/test/lib/node/src/node_ping_worker.erl"},{line,65}]},{gen_server,try_dispatch,4,[{file,"gen_server.erl"},{line,637}]},{gen_server,handle_msg,6,[{file,"gen_server.erl"},{line,711}]},{proc_lib,init_p_do_apply,3,[{file,"proc_lib.erl"},{line,249}]}]}
    ancestors: [node_worker_sup,node_sup,node,<0.712.0>]
    message_queue_len: 0
    messages: []
    links: [<0.717.0>]
    dictionary: []
    trap_exit: true
    status: running
    heap_size: 2586
    stack_size: 27
    reductions: 32059
  neighbours:
2018-07-24 01:27:31 =SUPERVISOR REPORT====
     Supervisor: {local,node_worker_sup}
     Context:    child_terminated
     Reason:     {undef,[{grisp_led,color,[1,green],[]},{node_ping_worker,ping,3,[{file,"/Users/oxynad/Documents/thesis/GrispLasp/node/_build/test/lib/node/src/node_ping_worker.erl"},{line,129}]},{node_ping_worker,handle_info,2,[{file,"/Users/oxynad/Documents/thesis/GrispLasp/node/_build/test/lib/node/src/node_ping_worker.erl"},{line,65}]},{gen_server,try_dispatch,4,[{file,"gen_server.erl"},{line,637}]},{gen_server,handle_msg,6,[{file,"gen_server.erl"},{line,711}]},{proc_lib,init_p_do_apply,3,[{file,"proc_lib.erl"},{line,249}]}]}
     Offender:   [{pid,<0.882.0>},{id,node_ping_worker},{mfargs,{node_ping_worker,start_link,[]}},{restart_type,permanent},{shutdown,brutal_kill},{child_type,worker}]

2018-07-24 01:27:44 =ERROR REPORT====
** Generic server node_ping_worker terminating 
** Last message in was {full_ping}
** When Server state == []
** Reason for termination == 
** {'module could not be loaded',[{grisp_led,color,[1,green],[]},{node_ping_worker,ping,3,[{file,"/Users/oxynad/Documents/thesis/GrispLasp/node/_build/test/lib/node/src/node_ping_worker.erl"},{line,129}]},{node_ping_worker,handle_info,2,[{file,"/Users/oxynad/Documents/thesis/GrispLasp/node/_build/test/lib/node/src/node_ping_worker.erl"},{line,65}]},{gen_server,try_dispatch,4,[{file,"gen_server.erl"},{line,637}]},{gen_server,handle_msg,6,[{file,"gen_server.erl"},{line,711}]},{proc_lib,init_p_do_apply,3,[{file,"proc_lib.erl"},{line,249}]}]}
2018-07-24 01:27:44 =CRASH REPORT====
  crasher:
    initial call: node_ping_worker:init/1
    pid: <0.903.0>
    registered_name: node_ping_worker
    exception error: {undef,[{grisp_led,color,[1,green],[]},{node_ping_worker,ping,3,[{file,"/Users/oxynad/Documents/thesis/GrispLasp/node/_build/test/lib/node/src/node_ping_worker.erl"},{line,129}]},{node_ping_worker,handle_info,2,[{file,"/Users/oxynad/Documents/thesis/GrispLasp/node/_build/test/lib/node/src/node_ping_worker.erl"},{line,65}]},{gen_server,try_dispatch,4,[{file,"gen_server.erl"},{line,637}]},{gen_server,handle_msg,6,[{file,"gen_server.erl"},{line,711}]},{proc_lib,init_p_do_apply,3,[{file,"proc_lib.erl"},{line,249}]}]}
    ancestors: [node_worker_sup,node_sup,node,<0.712.0>]
    message_queue_len: 0
    messages: []
    links: [<0.717.0>]
    dictionary: []
    trap_exit: true
    status: running
    heap_size: 2586
    stack_size: 27
    reductions: 32028
  neighbours:
2018-07-24 01:27:44 =SUPERVISOR REPORT====
     Supervisor: {local,node_worker_sup}
     Context:    child_terminated
     Reason:     {undef,[{grisp_led,color,[1,green],[]},{node_ping_worker,ping,3,[{file,"/Users/oxynad/Documents/thesis/GrispLasp/node/_build/test/lib/node/src/node_ping_worker.erl"},{line,129}]},{node_ping_worker,handle_info,2,[{file,"/Users/oxynad/Documents/thesis/GrispLasp/node/_build/test/lib/node/src/node_ping_worker.erl"},{line,65}]},{gen_server,try_dispatch,4,[{file,"gen_server.erl"},{line,637}]},{gen_server,handle_msg,6,[{file,"gen_server.erl"},{line,711}]},{proc_lib,init_p_do_apply,3,[{file,"proc_lib.erl"},{line,249}]}]}
     Offender:   [{pid,<0.903.0>},{id,node_ping_worker},{mfargs,{node_ping_worker,start_link,[]}},{restart_type,permanent},{shutdown,brutal_kill},{child_type,worker}]

2018-07-24 01:27:44 =SUPERVISOR REPORT====
     Supervisor: {local,node_worker_sup}
     Context:    shutdown
     Reason:     reached_max_restart_intensity
     Offender:   [{pid,<0.903.0>},{id,node_ping_worker},{mfargs,{node_ping_worker,start_link,[]}},{restart_type,permanent},{shutdown,brutal_kill},{child_type,worker}]

2018-07-24 01:27:44 =SUPERVISOR REPORT====
     Supervisor: {local,node_sup}
     Context:    child_terminated
     Reason:     shutdown
     Offender:   [{pid,<0.716.0>},{id,node_server},{mfargs,{node_server,start_link,[<0.715.0>]}},{restart_type,permanent},{shutdown,5000},{child_type,worker}]

2018-07-24 02:40:49 =ERROR REPORT====
** Generic server node_storage_server terminating 
** Last message in was {monitor_memory_usage}
** When Server state == {}
** Reason for termination == 
** {if_clause,[{node_storage_server,handle_info,2,[{file,"/Users/oxynad/Documents/thesis/GrispLasp/node/_build/test/lib/node/src/node_storage_server.erl"},{line,38}]},{gen_server,try_dispatch,4,[{file,"gen_server.erl"},{line,637}]},{gen_server,handle_msg,6,[{file,"gen_server.erl"},{line,711}]},{proc_lib,init_p_do_apply,3,[{file,"proc_lib.erl"},{line,249}]}]}
2018-07-24 02:40:49 =CRASH REPORT====
  crasher:
    initial call: node_storage_server:init/1
    pid: <0.790.0>
    registered_name: node_storage_server
    exception error: {if_clause,[{node_storage_server,handle_info,2,[{file,"/Users/oxynad/Documents/thesis/GrispLasp/node/_build/test/lib/node/src/node_storage_server.erl"},{line,38}]},{gen_server,try_dispatch,4,[{file,"gen_server.erl"},{line,637}]},{gen_server,handle_msg,6,[{file,"gen_server.erl"},{line,711}]},{proc_lib,init_p_do_apply,3,[{file,"proc_lib.erl"},{line,249}]}]}
    ancestors: [node_worker_sup,node_sup,node,<0.619.0>]
    message_queue_len: 0
    messages: []
    links: [<0.624.0>]
    dictionary: []
    trap_exit: false
    status: running
    heap_size: 6772
    stack_size: 27
    reductions: 23110
  neighbours:
2018-07-24 02:40:49 =SUPERVISOR REPORT====
     Supervisor: {local,node_worker_sup}
     Context:    child_terminated
     Reason:     {if_clause,[{node_storage_server,handle_info,2,[{file,"/Users/oxynad/Documents/thesis/GrispLasp/node/_build/test/lib/node/src/node_storage_server.erl"},{line,38}]},{gen_server,try_dispatch,4,[{file,"gen_server.erl"},{line,637}]},{gen_server,handle_msg,6,[{file,"gen_server.erl"},{line,711}]},{proc_lib,init_p_do_apply,3,[{file,"proc_lib.erl"},{line,249}]}]}
     Offender:   [{pid,<0.790.0>},{id,node_storage_server},{mfargs,{node_storage_server,start_link,[]}},{restart_type,permanent},{shutdown,brutal_kill},{child_type,worker}]

2018-07-24 02:40:54 =ERROR REPORT====
** Generic server node_storage_server terminating 
** Last message in was {monitor_memory_usage}
** When Server state == {}
** Reason for termination == 
** {if_clause,[{node_storage_server,handle_info,2,[{file,"/Users/oxynad/Documents/thesis/GrispLasp/node/_build/test/lib/node/src/node_storage_server.erl"},{line,38}]},{gen_server,try_dispatch,4,[{file,"gen_server.erl"},{line,637}]},{gen_server,handle_msg,6,[{file,"gen_server.erl"},{line,711}]},{proc_lib,init_p_do_apply,3,[{file,"proc_lib.erl"},{line,249}]}]}
2018-07-24 02:40:54 =CRASH REPORT====
  crasher:
    initial call: node_storage_server:init/1
    pid: <0.794.0>
    registered_name: node_storage_server
    exception error: {if_clause,[{node_storage_server,handle_info,2,[{file,"/Users/oxynad/Documents/thesis/GrispLasp/node/_build/test/lib/node/src/node_storage_server.erl"},{line,38}]},{gen_server,try_dispatch,4,[{file,"gen_server.erl"},{line,637}]},{gen_server,handle_msg,6,[{file,"gen_server.erl"},{line,711}]},{proc_lib,init_p_do_apply,3,[{file,"proc_lib.erl"},{line,249}]}]}
    ancestors: [node_worker_sup,node_sup,node,<0.619.0>]
    message_queue_len: 0
    messages: []
    links: [<0.624.0>]
    dictionary: []
    trap_exit: false
    status: running
    heap_size: 6772
    stack_size: 27
    reductions: 23027
  neighbours:
2018-07-24 02:40:54 =SUPERVISOR REPORT====
     Supervisor: {local,node_worker_sup}
     Context:    child_terminated
     Reason:     {if_clause,[{node_storage_server,handle_info,2,[{file,"/Users/oxynad/Documents/thesis/GrispLasp/node/_build/test/lib/node/src/node_storage_server.erl"},{line,38}]},{gen_server,try_dispatch,4,[{file,"gen_server.erl"},{line,637}]},{gen_server,handle_msg,6,[{file,"gen_server.erl"},{line,711}]},{proc_lib,init_p_do_apply,3,[{file,"proc_lib.erl"},{line,249}]}]}
     Offender:   [{pid,<0.794.0>},{id,node_storage_server},{mfargs,{node_storage_server,start_link,[]}},{restart_type,permanent},{shutdown,brutal_kill},{child_type,worker}]

2018-07-24 02:40:54 =SUPERVISOR REPORT====
     Supervisor: {local,node_worker_sup}
     Context:    shutdown
     Reason:     reached_max_restart_intensity
     Offender:   [{pid,<0.794.0>},{id,node_storage_server},{mfargs,{node_storage_server,start_link,[]}},{restart_type,permanent},{shutdown,brutal_kill},{child_type,worker}]

2018-07-24 02:40:54 =SUPERVISOR REPORT====
     Supervisor: {local,node_sup}
     Context:    child_terminated
     Reason:     shutdown
     Offender:   [{pid,<0.623.0>},{id,node_server},{mfargs,{node_server,start_link,[<0.622.0>]}},{restart_type,permanent},{shutdown,5000},{child_type,worker}]

2018-07-24 03:36:41 =ERROR REPORT====
** Generic server node_storage_server terminating 
** Last message in was {monitor_memory_usage}
** When Server state == {}
** Reason for termination == 
** {badarg,[{io,format,[<0.618.0>,"=== Wrote to file  ===~n",["data/lol"]],[]},{lists,foreach,2,[{file,"lists.erl"},{line,1338}]},{node_storage_server,handle_info,2,[{file,"/Users/oxynad/Documents/thesis/GrispLasp/node/_build/test/lib/node/src/node_storage_server.erl"},{line,40}]},{gen_server,try_dispatch,4,[{file,"gen_server.erl"},{line,637}]},{gen_server,handle_msg,6,[{file,"gen_server.erl"},{line,711}]},{proc_lib,init_p_do_apply,3,[{file,"proc_lib.erl"},{line,249}]}]}
2018-07-24 03:36:41 =CRASH REPORT====
  crasher:
    initial call: node_storage_server:init/1
    pid: <0.790.0>
    registered_name: node_storage_server
    exception error: bad argument: [{io,format,[<0.618.0>,"=== Wrote to file  ===~n",["data/lol"]],[]},{lists,foreach,2,[{file,"lists.erl"},{line,1338}]},{node_storage_server,handle_info,2,[{file,"/Users/oxynad/Documents/thesis/GrispLasp/node/_build/test/lib/node/src/node_storage_server.erl"},{line,40}]},{gen_server,try_dispatch,4,[{file,"gen_server.erl"},{line,637}]},{gen_server,handle_msg,6,[{file,"gen_server.erl"},{line,711}]},{proc_lib,init_p_do_apply,3,[{file,"proc_lib.erl"},{line,249}]}]
    ancestors: [node_worker_sup,node_sup,node,<0.619.0>]
    message_queue_len: 0
    messages: []
    links: [<0.624.0>]
    dictionary: []
    trap_exit: false
    status: running
    heap_size: 6772
    stack_size: 27
    reductions: 29106
  neighbours:
2018-07-24 03:36:41 =SUPERVISOR REPORT====
     Supervisor: {local,node_worker_sup}
     Context:    child_terminated
     Reason:     {badarg,[{io,format,[<0.618.0>,"=== Wrote to file  ===~n",["data/lol"]],[]},{lists,foreach,2,[{file,"lists.erl"},{line,1338}]},{node_storage_server,handle_info,2,[{file,"/Users/oxynad/Documents/thesis/GrispLasp/node/_build/test/lib/node/src/node_storage_server.erl"},{line,40}]},{gen_server,try_dispatch,4,[{file,"gen_server.erl"},{line,637}]},{gen_server,handle_msg,6,[{file,"gen_server.erl"},{line,711}]},{proc_lib,init_p_do_apply,3,[{file,"proc_lib.erl"},{line,249}]}]}
     Offender:   [{pid,<0.790.0>},{id,node_storage_server},{mfargs,{node_storage_server,start_link,[]}},{restart_type,permanent},{shutdown,brutal_kill},{child_type,worker}]

2018-07-24 04:09:29 =ERROR REPORT====
** Generic server node_generic_tasks_worker terminating 
** Last message in was timeout
** When Server state == {state,[{task1,all,#Fun<node_app.0.71645024>,{<0.812.0>,#Ref<0.3664194055.2520252418.36916>}}|{task1,all,#Fun<node_app.0.71645024>,{<0.816.0>,#Ref<0.3664194055.2520252418.36950>}}],[],5000}
** Reason for termination == 
** {function_clause,[{lists,flatlength,[{task1,all,#Fun<node_app.0.71645024>,{<0.816.0>,#Ref<0.3664194055.2520252418.36950>}},1],[{file,"lists.erl"},{line,643}]},{node_generic_tasks_worker,'-filter_task_list/2-fun-5-',2,[{file,"/Users/oxynad/Documents/thesis/GrispLasp/node/_build/test/lib/node/src/node_generic_tasks_worker.erl"},{line,258}]},{lists,'-filter/2-lc$^0/1-0-',2,[{file,"lists.erl"},{line,1286}]},{node_generic_tasks_worker,start_all_tasks_periodically,2,[{file,"/Users/oxynad/Documents/thesis/GrispLasp/node/_build/test/lib/node/src/node_generic_tasks_worker.erl"},{line,280}]},{node_generic_tasks_worker,handle_info,2,[{file,"/Users/oxynad/Documents/thesis/GrispLasp/node/_build/test/lib/node/src/node_generic_tasks_worker.erl"},{line,159}]},{gen_server,try_dispatch,4,[{file,"gen_server.erl"},{line,637}]},{gen_server,handle_msg,6,[{file,"gen_server.erl"},{line,711}]},{proc_lib,init_p_do_apply,3,[{file,"proc_lib.erl"},{line,249}]}]}
2018-07-24 04:09:29 =CRASH REPORT====
  crasher:
    initial call: node_generic_tasks_worker:init/1
    pid: <0.806.0>
    registered_name: node_generic_tasks_worker
    exception error: {function_clause,[{lists,flatlength,[{task1,all,#Fun<node_app.0.71645024>,{<0.816.0>,#Ref<0.3664194055.2520252418.36950>}},1],[{file,"lists.erl"},{line,643}]},{node_generic_tasks_worker,'-filter_task_list/2-fun-5-',2,[{file,"/Users/oxynad/Documents/thesis/GrispLasp/node/_build/test/lib/node/src/node_generic_tasks_worker.erl"},{line,258}]},{lists,'-filter/2-lc$^0/1-0-',2,[{file,"lists.erl"},{line,1286}]},{node_generic_tasks_worker,start_all_tasks_periodically,2,[{file,"/Users/oxynad/Documents/thesis/GrispLasp/node/_build/test/lib/node/src/node_generic_tasks_worker.erl"},{line,280}]},{node_generic_tasks_worker,handle_info,2,[{file,"/Users/oxynad/Documents/thesis/GrispLasp/node/_build/test/lib/node/src/node_generic_tasks_worker.erl"},{line,159}]},{gen_server,try_dispatch,4,[{file,"gen_server.erl"},{line,637}]},{gen_server,handle_msg,6,[{file,"gen_server.erl"},{line,711}]},{proc_lib,init_p_do_apply,3,[{file,"proc_lib.erl"},{line,249}]}]}
    ancestors: [node_worker_sup,node_sup,node,<0.633.0>]
    message_queue_len: 0
    messages: []
    links: [<0.638.0>]
    dictionary: []
    trap_exit: false
    status: running
    heap_size: 4185
    stack_size: 27
    reductions: 71302
  neighbours:
2018-07-24 04:09:29 =SUPERVISOR REPORT====
     Supervisor: {local,node_worker_sup}
     Context:    child_terminated
     Reason:     {function_clause,[{lists,flatlength,[{task1,all,#Fun<node_app.0.71645024>,{<0.816.0>,#Ref<0.3664194055.2520252418.36950>}},1],[{file,"lists.erl"},{line,643}]},{node_generic_tasks_worker,'-filter_task_list/2-fun-5-',2,[{file,"/Users/oxynad/Documents/thesis/GrispLasp/node/_build/test/lib/node/src/node_generic_tasks_worker.erl"},{line,258}]},{lists,'-filter/2-lc$^0/1-0-',2,[{file,"lists.erl"},{line,1286}]},{node_generic_tasks_worker,start_all_tasks_periodically,2,[{file,"/Users/oxynad/Documents/thesis/GrispLasp/node/_build/test/lib/node/src/node_generic_tasks_worker.erl"},{line,280}]},{node_generic_tasks_worker,handle_info,2,[{file,"/Users/oxynad/Documents/thesis/GrispLasp/node/_build/test/lib/node/src/node_generic_tasks_worker.erl"},{line,159}]},{gen_server,try_dispatch,4,[{file,"gen_server.erl"},{line,637}]},{gen_server,handle_msg,6,[{file,"gen_server.erl"},{line,711}]},{proc_lib,init_p_do_apply,3,[{file,"proc_lib.erl"},{line,249}]}]}
     Offender:   [{pid,<0.806.0>},{id,node_generic_tasks_worker},{mfargs,{node_generic_tasks_worker,start_link,[]}},{restart_type,permanent},{shutdown,brutal_kill},{child_type,worker}]

2018-07-24 04:09:39 =ERROR REPORT====
** Generic server node_generic_tasks_worker terminating 
** Last message in was timeout
** When Server state == {state,{task1,all,#Fun<node_app.0.71645024>,{<0.827.0>,#Ref<0.3664194055.2520252417.45075>}},[],5000}
** Reason for termination == 
** {function_clause,[{node_generic_tasks_worker,'-filter_task_list/2-fun-4-',[task1],[{file,"/Users/oxynad/Documents/thesis/GrispLasp/node/_build/test/lib/node/src/node_generic_tasks_worker.erl"},{line,262}]},{lists,any,2,[{file,"lists.erl"},{line,1225}]},{node_generic_tasks_worker,'-filter_task_list/2-fun-5-',2,[{file,"/Users/oxynad/Documents/thesis/GrispLasp/node/_build/test/lib/node/src/node_generic_tasks_worker.erl"},{line,261}]},{lists,'-filter/2-lc$^0/1-0-',2,[{file,"lists.erl"},{line,1286}]},{node_generic_tasks_worker,start_all_tasks_periodically,2,[{file,"/Users/oxynad/Documents/thesis/GrispLasp/node/_build/test/lib/node/src/node_generic_tasks_worker.erl"},{line,280}]},{node_generic_tasks_worker,handle_info,2,[{file,"/Users/oxynad/Documents/thesis/GrispLasp/node/_build/test/lib/node/src/node_generic_tasks_worker.erl"},{line,159}]},{gen_server,try_dispatch,4,[{file,"gen_server.erl"},{line,637}]},{gen_server,handle_msg,6,[{file,"gen_server.erl"},{line,711}]}]}
2018-07-24 04:09:39 =CRASH REPORT====
  crasher:
    initial call: node_generic_tasks_worker:init/1
    pid: <0.824.0>
    registered_name: node_generic_tasks_worker
    exception error: {function_clause,[{node_generic_tasks_worker,'-filter_task_list/2-fun-4-',[task1],[{file,"/Users/oxynad/Documents/thesis/GrispLasp/node/_build/test/lib/node/src/node_generic_tasks_worker.erl"},{line,262}]},{lists,any,2,[{file,"lists.erl"},{line,1225}]},{node_generic_tasks_worker,'-filter_task_list/2-fun-5-',2,[{file,"/Users/oxynad/Documents/thesis/GrispLasp/node/_build/test/lib/node/src/node_generic_tasks_worker.erl"},{line,261}]},{lists,'-filter/2-lc$^0/1-0-',2,[{file,"lists.erl"},{line,1286}]},{node_generic_tasks_worker,start_all_tasks_periodically,2,[{file,"/Users/oxynad/Documents/thesis/GrispLasp/node/_build/test/lib/node/src/node_generic_tasks_worker.erl"},{line,280}]},{node_generic_tasks_worker,handle_info,2,[{file,"/Users/oxynad/Documents/thesis/GrispLasp/node/_build/test/lib/node/src/node_generic_tasks_worker.erl"},{line,159}]},{gen_server,try_dispatch,4,[{file,"gen_server.erl"},{line,637}]},{gen_server,handle_msg,6,[{file,"gen_server.erl"},{line,711}]}]}
    ancestors: [node_worker_sup,node_sup,node,<0.633.0>]
    message_queue_len: 0
    messages: []
    links: [<0.638.0>]
    dictionary: []
    trap_exit: false
    status: running
    heap_size: 6772
    stack_size: 27
    reductions: 65821
  neighbours:
2018-07-24 04:09:39 =SUPERVISOR REPORT====
     Supervisor: {local,node_worker_sup}
     Context:    child_terminated
     Reason:     {function_clause,[{node_generic_tasks_worker,'-filter_task_list/2-fun-4-',[task1],[{file,"/Users/oxynad/Documents/thesis/GrispLasp/node/_build/test/lib/node/src/node_generic_tasks_worker.erl"},{line,262}]},{lists,any,2,[{file,"lists.erl"},{line,1225}]},{node_generic_tasks_worker,'-filter_task_list/2-fun-5-',2,[{file,"/Users/oxynad/Documents/thesis/GrispLasp/node/_build/test/lib/node/src/node_generic_tasks_worker.erl"},{line,261}]},{lists,'-filter/2-lc$^0/1-0-',2,[{file,"lists.erl"},{line,1286}]},{node_generic_tasks_worker,start_all_tasks_periodically,2,[{file,"/Users/oxynad/Documents/thesis/GrispLasp/node/_build/test/lib/node/src/node_generic_tasks_worker.erl"},{line,280}]},{node_generic_tasks_worker,handle_info,2,[{file,"/Users/oxynad/Documents/thesis/GrispLasp/node/_build/test/lib/node/src/node_generic_tasks_worker.erl"},{line,159}]},{gen_server,try_dispatch,4,[{file,"gen_server.erl"},{line,637}]},{gen_server,handle_msg,6,[{file,"gen_server.erl"},{line,711}]}]}
     Offender:   [{pid,<0.824.0>},{id,node_generic_tasks_worker},{mfargs,{node_generic_tasks_worker,start_link,[]}},{restart_type,permanent},{shutdown,brutal_kill},{child_type,worker}]

2018-07-24 04:09:39 =SUPERVISOR REPORT====
     Supervisor: {local,node_worker_sup}
     Context:    shutdown
     Reason:     reached_max_restart_intensity
     Offender:   [{pid,<0.824.0>},{id,node_generic_tasks_worker},{mfargs,{node_generic_tasks_worker,start_link,[]}},{restart_type,permanent},{shutdown,brutal_kill},{child_type,worker}]

2018-07-24 04:09:39 =SUPERVISOR REPORT====
     Supervisor: {local,node_sup}
     Context:    child_terminated
     Reason:     shutdown
     Offender:   [{pid,<0.637.0>},{id,node_server},{mfargs,{node_server,start_link,[<0.636.0>]}},{restart_type,permanent},{shutdown,5000},{child_type,worker}]

2018-07-24 04:11:42 =ERROR REPORT====
** Generic server node_generic_tasks_worker terminating 
** Last message in was {start_task,task1}
** When Server state == {state,[],[],5000}
** Reason for termination == 
** {'function not exported',[{lists,length,[[]],[]},{node_generic_tasks_worker,handle_call,3,[{file,"/Users/oxynad/Documents/thesis/GrispLasp/node/_build/test/lib/node/src/node_generic_tasks_worker.erl"},{line,62}]},{gen_server,try_handle_call,4,[{file,"gen_server.erl"},{line,661}]},{gen_server,handle_msg,6,[{file,"gen_server.erl"},{line,690}]},{proc_lib,init_p_do_apply,3,[{file,"proc_lib.erl"},{line,249}]}]}
** Client <0.628.0> stacktrace
** [{gen,do_call,4,[{file,"gen.erl"},{line,169}]},{gen_server,call,2,[{file,"gen_server.erl"},{line,211}]},{node_app,start,2,[{file,"/Users/oxynad/Documents/thesis/GrispLasp/node/_build/test/lib/node/src/node_app.erl"},{line,53}]},{application_master,start_it_old,4,[{file,"application_master.erl"},{line,277}]}]
2018-07-24 04:11:42 =CRASH REPORT====
  crasher:
    initial call: node_generic_tasks_worker:init/1
    pid: <0.801.0>
    registered_name: node_generic_tasks_worker
    exception error: {undef,[{lists,length,[[]],[]},{node_generic_tasks_worker,handle_call,3,[{file,"/Users/oxynad/Documents/thesis/GrispLasp/node/_build/test/lib/node/src/node_generic_tasks_worker.erl"},{line,62}]},{gen_server,try_handle_call,4,[{file,"gen_server.erl"},{line,661}]},{gen_server,handle_msg,6,[{file,"gen_server.erl"},{line,690}]},{proc_lib,init_p_do_apply,3,[{file,"proc_lib.erl"},{line,249}]}]}
    ancestors: [node_worker_sup,node_sup,node,<0.628.0>]
    message_queue_len: 0
    messages: []
    links: [<0.633.0>]
    dictionary: []
    trap_exit: false
    status: running
    heap_size: 4185
    stack_size: 27
    reductions: 41059
  neighbours:
2018-07-24 04:11:42 =SUPERVISOR REPORT====
     Supervisor: {local,node_worker_sup}
     Context:    child_terminated
     Reason:     {undef,[{lists,length,[[]],[]},{node_generic_tasks_worker,handle_call,3,[{file,"/Users/oxynad/Documents/thesis/GrispLasp/node/_build/test/lib/node/src/node_generic_tasks_worker.erl"},{line,62}]},{gen_server,try_handle_call,4,[{file,"gen_server.erl"},{line,661}]},{gen_server,handle_msg,6,[{file,"gen_server.erl"},{line,690}]},{proc_lib,init_p_do_apply,3,[{file,"proc_lib.erl"},{line,249}]}]}
     Offender:   [{pid,<0.801.0>},{id,node_generic_tasks_worker},{mfargs,{node_generic_tasks_worker,start_link,[]}},{restart_type,permanent},{shutdown,brutal_kill},{child_type,worker}]

2018-07-24 04:11:42 =CRASH REPORT====
  crasher:
    initial call: application_master:init/4
    pid: <0.627.0>
    registered_name: []
    exception exit: {{bad_return,{{node_app,start,[normal,[]]},{'EXIT',{{undef,[{lists,length,[[]],[]},{node_generic_tasks_worker,handle_call,3,[{file,"/Users/oxynad/Documents/thesis/GrispLasp/node/_build/test/lib/node/src/node_generic_tasks_worker.erl"},{line,62}]},{gen_server,try_handle_call,4,[{file,"gen_server.erl"},{line,661}]},{gen_server,handle_msg,6,[{file,"gen_server.erl"},{line,690}]},{proc_lib,init_p_do_apply,3,[{file,"proc_lib.erl"},{line,249}]}]},{gen_server,call,[node_generic_tasks_worker,{start_task,task1}]}}}}},[{application_master,init,4,[{file,"application_master.erl"},{line,138}]},{proc_lib,init_p_do_apply,3,[{file,"proc_lib.erl"},{line,249}]}]}
    ancestors: [<0.626.0>]
    message_queue_len: 1
    messages: [{'EXIT',<0.628.0>,normal}]
    links: [<0.626.0>,<0.42.0>]
    dictionary: []
    trap_exit: true
    status: running
    heap_size: 1598
    stack_size: 27
    reductions: 533
  neighbours:
2018-07-24 04:11:42 =SUPERVISOR REPORT====
     Supervisor: {local,node_worker_sup}
     Context:    start_error
     Reason:     {terminated,[{io,format,[<0.627.0>,"Initializing Node Server~n",[]],[]},{node_generic_tasks_worker,init,1,[{file,"/Users/oxynad/Documents/thesis/GrispLasp/node/_build/test/lib/node/src/node_generic_tasks_worker.erl"},{line,51}]},{gen_server,init_it,2,[{file,"gen_server.erl"},{line,374}]},{gen_server,init_it,6,[{file,"gen_server.erl"},{line,342}]},{proc_lib,init_p_do_apply,3,[{file,"proc_lib.erl"},{line,249}]}]}
     Offender:   [{pid,<0.801.0>},{id,node_generic_tasks_worker},{mfargs,{node_generic_tasks_worker,start_link,[]}},{restart_type,permanent},{shutdown,brutal_kill},{child_type,worker}]

2018-07-24 04:11:42 =CRASH REPORT====
  crasher:
    initial call: node_generic_tasks_worker:init/1
    pid: <0.805.0>
    registered_name: []
    exception error: {terminated,[{io,format,[<0.627.0>,"Initializing Node Server~n",[]],[]},{node_generic_tasks_worker,init,1,[{file,"/Users/oxynad/Documents/thesis/GrispLasp/node/_build/test/lib/node/src/node_generic_tasks_worker.erl"},{line,51}]},{gen_server,init_it,2,[{file,"gen_server.erl"},{line,374}]},{gen_server,init_it,6,[{file,"gen_server.erl"},{line,342}]},{proc_lib,init_p_do_apply,3,[{file,"proc_lib.erl"},{line,249}]}]}
    ancestors: [node_worker_sup,node_sup,node,<0.628.0>]
    message_queue_len: 0
    messages: []
    links: [<0.633.0>]
    dictionary: []
    trap_exit: false
    status: running
    heap_size: 610
    stack_size: 27
    reductions: 249
  neighbours:
2018-07-24 04:11:42 =ERROR REPORT====
** Generic server node_server terminating 
** Last message in was {'DOWN',#Ref<0.981740120.2251816961.208722>,process,<0.802.0>,killed}
** When Server state == {server_state,<0.633.0>,{4,{#Ref<0.981740120.2251816961.208672>,nil,{#Ref<0.981740120.2251816961.208682>,nil,{#Ref<0.981740120.2251816961.208703>,nil,{#Ref<0.981740120.2251816961.208722>,nil,nil}}}}}}
** Reason for termination == 
** {terminated,[{io,format,[<0.627.0>,"=== Terminating Gen Server (reason: ~p) ===~n",[{terminated,[{io,format,[<0.627.0>,"=== Worker ~p is dead (because of ~p), removing him from workers set ===~n",[<0.802.0>,killed]],[]},{node_server,handle_info,2,[{file,"/Users/oxynad/Documents/thesis/GrispLasp/node/_build/test/lib/node/src/node_server.erl"},{line,100}]},{gen_server,try_dispatch,4,[{file,"gen_server.erl"},{line,637}]},{gen_server,handle_msg,6,[{file,"gen_server.erl"},{line,711}]},{proc_lib,init_p_do_apply,3,[{file,"proc_lib.erl"},{line,249}]}]}]],[]},{node_server,terminate,2,[{file,"/Users/oxynad/Documents/thesis/GrispLasp/node/_build/test/lib/node/src/node_server.erl"},{line,126}]},{gen_server,try_terminate,3,[{file,"gen_server.erl"},{line,673}]},{gen_server,terminate,10,[{file,"gen_server.erl"},{line,858}]},{proc_lib,init_p_do_apply,3,[{file,"proc_lib.erl"},{line,249}]}]}
2018-07-24 04:11:42 =CRASH REPORT====
  crasher:
    initial call: node_server:init/1
    pid: <0.632.0>
    registered_name: node_server
    exception error: {terminated,[{io,format,[<0.627.0>,"=== Terminating Gen Server (reason: ~p) ===~n",[{terminated,[{io,format,[<0.627.0>,"=== Worker ~p is dead (because of ~p), removing him from workers set ===~n",[<0.802.0>,killed]],[]},{node_server,handle_info,2,[{file,"/Users/oxynad/Documents/thesis/GrispLasp/node/_build/test/lib/node/src/node_server.erl"},{line,100}]},{gen_server,try_dispatch,4,[{file,"gen_server.erl"},{line,637}]},{gen_server,handle_msg,6,[{file,"gen_server.erl"},{line,711}]},{proc_lib,init_p_do_apply,3,[{file,"proc_lib.erl"},{line,249}]}]}]],[]},{node_server,terminate,2,[{file,"/Users/oxynad/Documents/thesis/GrispLasp/node/_build/test/lib/node/src/node_server.erl"},{line,126}]},{gen_server,try_terminate,3,[{file,"gen_server.erl"},{line,673}]},{gen_server,terminate,10,[{file,"gen_server.erl"},{line,858}]},{proc_lib,init_p_do_apply,3,[{file,"proc_lib.erl"},{line,249}]}]}
    ancestors: [node_sup,node,<0.628.0>]
    message_queue_len: 5
    messages: [{'DOWN',#Ref<0.981740120.2251816961.208703>,process,<0.800.0>,killed},{'DOWN',#Ref<0.981740120.2251816961.208682>,process,<0.799.0>,killed},{'DOWN',#Ref<0.981740120.2251816961.208672>,process,<0.798.0>,killed},{'EXIT',<0.633.0>,shutdown},{'EXIT',<0.631.0>,shutdown}]
    links: []
    dictionary: []
    trap_exit: true
    status: running
    heap_size: 6772
    stack_size: 27
    reductions: 106745
  neighbours:
2018-07-24 04:11:42 =SUPERVISOR REPORT====
     Supervisor: {local,node_sup}
     Context:    shutdown_error
     Reason:     {terminated,[{io,format,[<0.627.0>,"=== Terminating Gen Server (reason: ~p) ===~n",[{terminated,[{io,format,[<0.627.0>,"=== Worker ~p is dead (because of ~p), removing him from workers set ===~n",[<0.802.0>,killed]],[]},{node_server,handle_info,2,[{file,"/Users/oxynad/Documents/thesis/GrispLasp/node/_build/test/lib/node/src/node_server.erl"},{line,100}]},{gen_server,try_dispatch,4,[{file,"gen_server.erl"},{line,637}]},{gen_server,handle_msg,6,[{file,"gen_server.erl"},{line,711}]},{proc_lib,init_p_do_apply,3,[{file,"proc_lib.erl"},{line,249}]}]}]],[]},{node_server,terminate,2,[{file,"/Users/oxynad/Documents/thesis/GrispLasp/node/_build/test/lib/node/src/node_server.erl"},{line,126}]},{gen_server,try_terminate,3,[{file,"gen_server.erl"},{line,673}]},{gen_server,terminate,10,[{file,"gen_server.erl"},{line,858}]},{proc_lib,init_p_do_apply,3,[{file,"proc_lib.erl"},{line,249}]}]}
     Offender:   [{pid,<0.632.0>},{id,node_server},{mfargs,{node_server,start_link,[<0.631.0>]}},{restart_type,permanent},{shutdown,5000},{child_type,worker}]

2018-07-24 14:39:24 =ERROR REPORT====
** Generic server node_generic_tasks_worker terminating 
** Last message in was timeout
** When Server state == {state,[{task1,all,#Fun<node_app.0.71645024>,{<0.807.0>,#Ref<0.48715448.3423338497.50390>}}|{task1,all,#Fun<node_app.0.71645024>,{<0.811.0>,#Ref<0.48715448.3423338497.50439>}}],[],5000}
** Reason for termination == 
** {function_clause,[{lists,flatlength,[{task1,all,#Fun<node_app.0.71645024>,{<0.811.0>,#Ref<0.48715448.3423338497.50439>}},1],[{file,"lists.erl"},{line,643}]},{node_generic_tasks_worker,'-filter_task_list/2-fun-5-',2,[{file,"/Users/oxynad/Documents/thesis/GrispLasp/node/_build/test/lib/node/src/node_generic_tasks_worker.erl"},{line,258}]},{lists,'-filter/2-lc$^0/1-0-',2,[{file,"lists.erl"},{line,1286}]},{node_generic_tasks_worker,start_all_tasks_periodically,2,[{file,"/Users/oxynad/Documents/thesis/GrispLasp/node/_build/test/lib/node/src/node_generic_tasks_worker.erl"},{line,280}]},{node_generic_tasks_worker,handle_info,2,[{file,"/Users/oxynad/Documents/thesis/GrispLasp/node/_build/test/lib/node/src/node_generic_tasks_worker.erl"},{line,159}]},{gen_server,try_dispatch,4,[{file,"gen_server.erl"},{line,637}]},{gen_server,handle_msg,6,[{file,"gen_server.erl"},{line,711}]},{proc_lib,init_p_do_apply,3,[{file,"proc_lib.erl"},{line,249}]}]}
2018-07-24 14:39:24 =CRASH REPORT====
  crasher:
    initial call: node_generic_tasks_worker:init/1
    pid: <0.801.0>
    registered_name: node_generic_tasks_worker
    exception error: {function_clause,[{lists,flatlength,[{task1,all,#Fun<node_app.0.71645024>,{<0.811.0>,#Ref<0.48715448.3423338497.50439>}},1],[{file,"lists.erl"},{line,643}]},{node_generic_tasks_worker,'-filter_task_list/2-fun-5-',2,[{file,"/Users/oxynad/Documents/thesis/GrispLasp/node/_build/test/lib/node/src/node_generic_tasks_worker.erl"},{line,258}]},{lists,'-filter/2-lc$^0/1-0-',2,[{file,"lists.erl"},{line,1286}]},{node_generic_tasks_worker,start_all_tasks_periodically,2,[{file,"/Users/oxynad/Documents/thesis/GrispLasp/node/_build/test/lib/node/src/node_generic_tasks_worker.erl"},{line,280}]},{node_generic_tasks_worker,handle_info,2,[{file,"/Users/oxynad/Documents/thesis/GrispLasp/node/_build/test/lib/node/src/node_generic_tasks_worker.erl"},{line,159}]},{gen_server,try_dispatch,4,[{file,"gen_server.erl"},{line,637}]},{gen_server,handle_msg,6,[{file,"gen_server.erl"},{line,711}]},{proc_lib,init_p_do_apply,3,[{file,"proc_lib.erl"},{line,249}]}]}
    ancestors: [node_worker_sup,node_sup,node,<0.628.0>]
    message_queue_len: 0
    messages: []
    links: [<0.633.0>]
    dictionary: []
    trap_exit: false
    status: running
    heap_size: 4185
    stack_size: 27
    reductions: 70896
  neighbours:
2018-07-24 14:39:24 =SUPERVISOR REPORT====
     Supervisor: {local,node_worker_sup}
     Context:    child_terminated
     Reason:     {function_clause,[{lists,flatlength,[{task1,all,#Fun<node_app.0.71645024>,{<0.811.0>,#Ref<0.48715448.3423338497.50439>}},1],[{file,"lists.erl"},{line,643}]},{node_generic_tasks_worker,'-filter_task_list/2-fun-5-',2,[{file,"/Users/oxynad/Documents/thesis/GrispLasp/node/_build/test/lib/node/src/node_generic_tasks_worker.erl"},{line,258}]},{lists,'-filter/2-lc$^0/1-0-',2,[{file,"lists.erl"},{line,1286}]},{node_generic_tasks_worker,start_all_tasks_periodically,2,[{file,"/Users/oxynad/Documents/thesis/GrispLasp/node/_build/test/lib/node/src/node_generic_tasks_worker.erl"},{line,280}]},{node_generic_tasks_worker,handle_info,2,[{file,"/Users/oxynad/Documents/thesis/GrispLasp/node/_build/test/lib/node/src/node_generic_tasks_worker.erl"},{line,159}]},{gen_server,try_dispatch,4,[{file,"gen_server.erl"},{line,637}]},{gen_server,handle_msg,6,[{file,"gen_server.erl"},{line,711}]},{proc_lib,init_p_do_apply,3,[{file,"proc_lib.erl"},{line,249}]}]}
     Offender:   [{pid,<0.801.0>},{id,node_generic_tasks_worker},{mfargs,{node_generic_tasks_worker,start_link,[]}},{restart_type,permanent},{shutdown,brutal_kill},{child_type,worker}]

2018-07-24 14:39:34 =ERROR REPORT====
** Generic server node_generic_tasks_worker terminating 
** Last message in was timeout
** When Server state == {state,{task1,all,#Fun<node_app.0.71645024>,{<0.822.0>,#Ref<0.48715448.3423338498.35916>}},[],5000}
** Reason for termination == 
** {function_clause,[{node_generic_tasks_worker,'-filter_task_list/2-fun-4-',[task1],[{file,"/Users/oxynad/Documents/thesis/GrispLasp/node/_build/test/lib/node/src/node_generic_tasks_worker.erl"},{line,262}]},{lists,any,2,[{file,"lists.erl"},{line,1225}]},{node_generic_tasks_worker,'-filter_task_list/2-fun-5-',2,[{file,"/Users/oxynad/Documents/thesis/GrispLasp/node/_build/test/lib/node/src/node_generic_tasks_worker.erl"},{line,261}]},{lists,'-filter/2-lc$^0/1-0-',2,[{file,"lists.erl"},{line,1286}]},{node_generic_tasks_worker,start_all_tasks_periodically,2,[{file,"/Users/oxynad/Documents/thesis/GrispLasp/node/_build/test/lib/node/src/node_generic_tasks_worker.erl"},{line,280}]},{node_generic_tasks_worker,handle_info,2,[{file,"/Users/oxynad/Documents/thesis/GrispLasp/node/_build/test/lib/node/src/node_generic_tasks_worker.erl"},{line,159}]},{gen_server,try_dispatch,4,[{file,"gen_server.erl"},{line,637}]},{gen_server,handle_msg,6,[{file,"gen_server.erl"},{line,711}]}]}
2018-07-24 14:39:34 =CRASH REPORT====
  crasher:
    initial call: node_generic_tasks_worker:init/1
    pid: <0.819.0>
    registered_name: node_generic_tasks_worker
    exception error: {function_clause,[{node_generic_tasks_worker,'-filter_task_list/2-fun-4-',[task1],[{file,"/Users/oxynad/Documents/thesis/GrispLasp/node/_build/test/lib/node/src/node_generic_tasks_worker.erl"},{line,262}]},{lists,any,2,[{file,"lists.erl"},{line,1225}]},{node_generic_tasks_worker,'-filter_task_list/2-fun-5-',2,[{file,"/Users/oxynad/Documents/thesis/GrispLasp/node/_build/test/lib/node/src/node_generic_tasks_worker.erl"},{line,261}]},{lists,'-filter/2-lc$^0/1-0-',2,[{file,"lists.erl"},{line,1286}]},{node_generic_tasks_worker,start_all_tasks_periodically,2,[{file,"/Users/oxynad/Documents/thesis/GrispLasp/node/_build/test/lib/node/src/node_generic_tasks_worker.erl"},{line,280}]},{node_generic_tasks_worker,handle_info,2,[{file,"/Users/oxynad/Documents/thesis/GrispLasp/node/_build/test/lib/node/src/node_generic_tasks_worker.erl"},{line,159}]},{gen_server,try_dispatch,4,[{file,"gen_server.erl"},{line,637}]},{gen_server,handle_msg,6,[{file,"gen_server.erl"},{line,711}]}]}
    ancestors: [node_worker_sup,node_sup,node,<0.628.0>]
    message_queue_len: 0
    messages: []
    links: [<0.633.0>]
    dictionary: []
    trap_exit: false
    status: running
    heap_size: 987
    stack_size: 27
    reductions: 65798
  neighbours:
2018-07-24 14:39:34 =SUPERVISOR REPORT====
     Supervisor: {local,node_worker_sup}
     Context:    child_terminated
     Reason:     {function_clause,[{node_generic_tasks_worker,'-filter_task_list/2-fun-4-',[task1],[{file,"/Users/oxynad/Documents/thesis/GrispLasp/node/_build/test/lib/node/src/node_generic_tasks_worker.erl"},{line,262}]},{lists,any,2,[{file,"lists.erl"},{line,1225}]},{node_generic_tasks_worker,'-filter_task_list/2-fun-5-',2,[{file,"/Users/oxynad/Documents/thesis/GrispLasp/node/_build/test/lib/node/src/node_generic_tasks_worker.erl"},{line,261}]},{lists,'-filter/2-lc$^0/1-0-',2,[{file,"lists.erl"},{line,1286}]},{node_generic_tasks_worker,start_all_tasks_periodically,2,[{file,"/Users/oxynad/Documents/thesis/GrispLasp/node/_build/test/lib/node/src/node_generic_tasks_worker.erl"},{line,280}]},{node_generic_tasks_worker,handle_info,2,[{file,"/Users/oxynad/Documents/thesis/GrispLasp/node/_build/test/lib/node/src/node_generic_tasks_worker.erl"},{line,159}]},{gen_server,try_dispatch,4,[{file,"gen_server.erl"},{line,637}]},{gen_server,handle_msg,6,[{file,"gen_server.erl"},{line,711}]}]}
     Offender:   [{pid,<0.819.0>},{id,node_generic_tasks_worker},{mfargs,{node_generic_tasks_worker,start_link,[]}},{restart_type,permanent},{shutdown,brutal_kill},{child_type,worker}]

2018-07-24 14:39:34 =SUPERVISOR REPORT====
     Supervisor: {local,node_worker_sup}
     Context:    shutdown
     Reason:     reached_max_restart_intensity
     Offender:   [{pid,<0.819.0>},{id,node_generic_tasks_worker},{mfargs,{node_generic_tasks_worker,start_link,[]}},{restart_type,permanent},{shutdown,brutal_kill},{child_type,worker}]

2018-07-24 14:39:34 =SUPERVISOR REPORT====
     Supervisor: {local,node_sup}
     Context:    child_terminated
     Reason:     shutdown
     Offender:   [{pid,<0.632.0>},{id,node_server},{mfargs,{node_server,start_link,[<0.631.0>]}},{restart_type,permanent},{shutdown,5000},{child_type,worker}]

2018-07-24 14:57:57 =ERROR REPORT====
** Generic server node_generic_tasks_worker terminating 
** Last message in was {start_task,task1}
** When Server state == {state,[],[],5000}
** Reason for termination == 
** {'function not exported',[{lists,length,[[]],[]},{node_generic_tasks_worker,handle_call,3,[{file,"/Users/oxynad/Documents/thesis/GrispLasp/node/_build/test/lib/node/src/node_generic_tasks_worker.erl"},{line,62}]},{gen_server,try_handle_call,4,[{file,"gen_server.erl"},{line,661}]},{gen_server,handle_msg,6,[{file,"gen_server.erl"},{line,690}]},{proc_lib,init_p_do_apply,3,[{file,"proc_lib.erl"},{line,249}]}]}
** Client <0.643.0> stacktrace
** [{gen,do_call,4,[{file,"gen.erl"},{line,169}]},{gen_server,call,2,[{file,"gen_server.erl"},{line,211}]},{node_app,start,2,[{file,"/Users/oxynad/Documents/thesis/GrispLasp/node/_build/test/lib/node/src/node_app.erl"},{line,53}]},{application_master,start_it_old,4,[{file,"application_master.erl"},{line,277}]}]
2018-07-24 14:57:57 =CRASH REPORT====
  crasher:
    initial call: node_generic_tasks_worker:init/1
    pid: <0.816.0>
    registered_name: node_generic_tasks_worker
    exception error: {undef,[{lists,length,[[]],[]},{node_generic_tasks_worker,handle_call,3,[{file,"/Users/oxynad/Documents/thesis/GrispLasp/node/_build/test/lib/node/src/node_generic_tasks_worker.erl"},{line,62}]},{gen_server,try_handle_call,4,[{file,"gen_server.erl"},{line,661}]},{gen_server,handle_msg,6,[{file,"gen_server.erl"},{line,690}]},{proc_lib,init_p_do_apply,3,[{file,"proc_lib.erl"},{line,249}]}]}
    ancestors: [node_worker_sup,node_sup,node,<0.643.0>]
    message_queue_len: 0
    messages: []
    links: [<0.648.0>]
    dictionary: []
    trap_exit: false
    status: running
    heap_size: 4185
    stack_size: 27
    reductions: 41043
  neighbours:
2018-07-24 14:57:57 =SUPERVISOR REPORT====
     Supervisor: {local,node_worker_sup}
     Context:    child_terminated
     Reason:     {undef,[{lists,length,[[]],[]},{node_generic_tasks_worker,handle_call,3,[{file,"/Users/oxynad/Documents/thesis/GrispLasp/node/_build/test/lib/node/src/node_generic_tasks_worker.erl"},{line,62}]},{gen_server,try_handle_call,4,[{file,"gen_server.erl"},{line,661}]},{gen_server,handle_msg,6,[{file,"gen_server.erl"},{line,690}]},{proc_lib,init_p_do_apply,3,[{file,"proc_lib.erl"},{line,249}]}]}
     Offender:   [{pid,<0.816.0>},{id,node_generic_tasks_worker},{mfargs,{node_generic_tasks_worker,start_link,[]}},{restart_type,permanent},{shutdown,brutal_kill},{child_type,worker}]

2018-07-24 14:57:57 =CRASH REPORT====
  crasher:
    initial call: application_master:init/4
    pid: <0.642.0>
    registered_name: []
    exception exit: {{bad_return,{{node_app,start,[normal,[]]},{'EXIT',{{undef,[{lists,length,[[]],[]},{node_generic_tasks_worker,handle_call,3,[{file,"/Users/oxynad/Documents/thesis/GrispLasp/node/_build/test/lib/node/src/node_generic_tasks_worker.erl"},{line,62}]},{gen_server,try_handle_call,4,[{file,"gen_server.erl"},{line,661}]},{gen_server,handle_msg,6,[{file,"gen_server.erl"},{line,690}]},{proc_lib,init_p_do_apply,3,[{file,"proc_lib.erl"},{line,249}]}]},{gen_server,call,[node_generic_tasks_worker,{start_task,task1}]}}}}},[{application_master,init,4,[{file,"application_master.erl"},{line,138}]},{proc_lib,init_p_do_apply,3,[{file,"proc_lib.erl"},{line,249}]}]}
    ancestors: [<0.641.0>]
    message_queue_len: 1
    messages: [{'EXIT',<0.643.0>,normal}]
    links: [<0.641.0>,<0.42.0>]
    dictionary: []
    trap_exit: true
    status: running
    heap_size: 1598
    stack_size: 27
    reductions: 533
  neighbours:
2018-07-24 14:57:57 =CRASH REPORT====
  crasher:
    initial call: node_generic_tasks_worker:init/1
    pid: <0.820.0>
    registered_name: []
    exception error: {terminated,[{io,format,[<0.642.0>,"Initializing Node Server~n",[]],[]},{node_generic_tasks_worker,init,1,[{file,"/Users/oxynad/Documents/thesis/GrispLasp/node/_build/test/lib/node/src/node_generic_tasks_worker.erl"},{line,51}]},{gen_server,init_it,2,[{file,"gen_server.erl"},{line,374}]},{gen_server,init_it,6,[{file,"gen_server.erl"},{line,342}]},{proc_lib,init_p_do_apply,3,[{file,"proc_lib.erl"},{line,249}]}]}
    ancestors: [node_worker_sup,node_sup,node,<0.643.0>]
    message_queue_len: 0
    messages: []
    links: [<0.648.0>]
    dictionary: []
    trap_exit: false
    status: running
    heap_size: 610
    stack_size: 27
    reductions: 249
  neighbours:
2018-07-24 14:57:57 =SUPERVISOR REPORT====
     Supervisor: {local,node_worker_sup}
     Context:    start_error
     Reason:     {terminated,[{io,format,[<0.642.0>,"Initializing Node Server~n",[]],[]},{node_generic_tasks_worker,init,1,[{file,"/Users/oxynad/Documents/thesis/GrispLasp/node/_build/test/lib/node/src/node_generic_tasks_worker.erl"},{line,51}]},{gen_server,init_it,2,[{file,"gen_server.erl"},{line,374}]},{gen_server,init_it,6,[{file,"gen_server.erl"},{line,342}]},{proc_lib,init_p_do_apply,3,[{file,"proc_lib.erl"},{line,249}]}]}
     Offender:   [{pid,<0.816.0>},{id,node_generic_tasks_worker},{mfargs,{node_generic_tasks_worker,start_link,[]}},{restart_type,permanent},{shutdown,brutal_kill},{child_type,worker}]

2018-07-24 14:57:57 =ERROR REPORT====
** Generic server node_server terminating 
** Last message in was {'DOWN',#Ref<0.465819762.204472321.237385>,process,<0.817.0>,killed}
** When Server state == {server_state,<0.648.0>,{4,{#Ref<0.465819762.204472321.237335>,nil,{#Ref<0.465819762.204472321.237345>,nil,{#Ref<0.465819762.204472321.237366>,nil,{#Ref<0.465819762.204472321.237385>,nil,nil}}}}}}
** Reason for termination == 
** {terminated,[{io,format,[<0.642.0>,"=== Terminating Gen Server (reason: ~p) ===~n",[{terminated,[{io,format,[<0.642.0>,"=== Worker ~p is dead (because of ~p), removing him from workers set ===~n",[<0.817.0>,killed]],[]},{node_server,handle_info,2,[{file,"/Users/oxynad/Documents/thesis/GrispLasp/node/_build/test/lib/node/src/node_server.erl"},{line,100}]},{gen_server,try_dispatch,4,[{file,"gen_server.erl"},{line,637}]},{gen_server,handle_msg,6,[{file,"gen_server.erl"},{line,711}]},{proc_lib,init_p_do_apply,3,[{file,"proc_lib.erl"},{line,249}]}]}]],[]},{node_server,terminate,2,[{file,"/Users/oxynad/Documents/thesis/GrispLasp/node/_build/test/lib/node/src/node_server.erl"},{line,126}]},{gen_server,try_terminate,3,[{file,"gen_server.erl"},{line,673}]},{gen_server,terminate,10,[{file,"gen_server.erl"},{line,858}]},{proc_lib,init_p_do_apply,3,[{file,"proc_lib.erl"},{line,249}]}]}
2018-07-24 14:57:57 =CRASH REPORT====
  crasher:
    initial call: node_server:init/1
    pid: <0.647.0>
    registered_name: node_server
    exception error: {terminated,[{io,format,[<0.642.0>,"=== Terminating Gen Server (reason: ~p) ===~n",[{terminated,[{io,format,[<0.642.0>,"=== Worker ~p is dead (because of ~p), removing him from workers set ===~n",[<0.817.0>,killed]],[]},{node_server,handle_info,2,[{file,"/Users/oxynad/Documents/thesis/GrispLasp/node/_build/test/lib/node/src/node_server.erl"},{line,100}]},{gen_server,try_dispatch,4,[{file,"gen_server.erl"},{line,637}]},{gen_server,handle_msg,6,[{file,"gen_server.erl"},{line,711}]},{proc_lib,init_p_do_apply,3,[{file,"proc_lib.erl"},{line,249}]}]}]],[]},{node_server,terminate,2,[{file,"/Users/oxynad/Documents/thesis/GrispLasp/node/_build/test/lib/node/src/node_server.erl"},{line,126}]},{gen_server,try_terminate,3,[{file,"gen_server.erl"},{line,673}]},{gen_server,terminate,10,[{file,"gen_server.erl"},{line,858}]},{proc_lib,init_p_do_apply,3,[{file,"proc_lib.erl"},{line,249}]}]}
    ancestors: [node_sup,node,<0.643.0>]
    message_queue_len: 5
    messages: [{'DOWN',#Ref<0.465819762.204472321.237366>,process,<0.815.0>,killed},{'DOWN',#Ref<0.465819762.204472321.237345>,process,<0.814.0>,killed},{'DOWN',#Ref<0.465819762.204472321.237335>,process,<0.813.0>,killed},{'EXIT',<0.648.0>,shutdown},{'EXIT',<0.646.0>,shutdown}]
    links: []
    dictionary: []
    trap_exit: true
    status: running
    heap_size: 6772
    stack_size: 27
    reductions: 106584
  neighbours:
2018-07-24 14:57:57 =SUPERVISOR REPORT====
     Supervisor: {local,node_sup}
     Context:    shutdown_error
     Reason:     {terminated,[{io,format,[<0.642.0>,"=== Terminating Gen Server (reason: ~p) ===~n",[{terminated,[{io,format,[<0.642.0>,"=== Worker ~p is dead (because of ~p), removing him from workers set ===~n",[<0.817.0>,killed]],[]},{node_server,handle_info,2,[{file,"/Users/oxynad/Documents/thesis/GrispLasp/node/_build/test/lib/node/src/node_server.erl"},{line,100}]},{gen_server,try_dispatch,4,[{file,"gen_server.erl"},{line,637}]},{gen_server,handle_msg,6,[{file,"gen_server.erl"},{line,711}]},{proc_lib,init_p_do_apply,3,[{file,"proc_lib.erl"},{line,249}]}]}]],[]},{node_server,terminate,2,[{file,"/Users/oxynad/Documents/thesis/GrispLasp/node/_build/test/lib/node/src/node_server.erl"},{line,126}]},{gen_server,try_terminate,3,[{file,"gen_server.erl"},{line,673}]},{gen_server,terminate,10,[{file,"gen_server.erl"},{line,858}]},{proc_lib,init_p_do_apply,3,[{file,"proc_lib.erl"},{line,249}]}]}
     Offender:   [{pid,<0.647.0>},{id,node_server},{mfargs,{node_server,start_link,[<0.646.0>]}},{restart_type,permanent},{shutdown,5000},{child_type,worker}]

2018-07-24 15:08:03 =ERROR REPORT====
** Generic server node_generic_tasks_worker terminating 
** Last message in was {start_task,task1}
** When Server state == {state,[],[],5000}
** Reason for termination == 
** {'function not exported',[{lists,length,[[]],[]},{node_generic_tasks_worker,handle_call,3,[{file,"/Users/oxynad/Documents/thesis/GrispLasp/node/_build/test/lib/node/src/node_generic_tasks_worker.erl"},{line,62}]},{gen_server,try_handle_call,4,[{file,"gen_server.erl"},{line,661}]},{gen_server,handle_msg,6,[{file,"gen_server.erl"},{line,690}]},{proc_lib,init_p_do_apply,3,[{file,"proc_lib.erl"},{line,249}]}]}
** Client <0.643.0> stacktrace
** [{gen,do_call,4,[{file,"gen.erl"},{line,169}]},{gen_server,call,2,[{file,"gen_server.erl"},{line,211}]},{node_app,start,2,[{file,"/Users/oxynad/Documents/thesis/GrispLasp/node/_build/test/lib/node/src/node_app.erl"},{line,53}]},{application_master,start_it_old,4,[{file,"application_master.erl"},{line,277}]}]
2018-07-24 15:08:03 =CRASH REPORT====
  crasher:
    initial call: node_generic_tasks_worker:init/1
    pid: <0.816.0>
    registered_name: node_generic_tasks_worker
    exception error: {undef,[{lists,length,[[]],[]},{node_generic_tasks_worker,handle_call,3,[{file,"/Users/oxynad/Documents/thesis/GrispLasp/node/_build/test/lib/node/src/node_generic_tasks_worker.erl"},{line,62}]},{gen_server,try_handle_call,4,[{file,"gen_server.erl"},{line,661}]},{gen_server,handle_msg,6,[{file,"gen_server.erl"},{line,690}]},{proc_lib,init_p_do_apply,3,[{file,"proc_lib.erl"},{line,249}]}]}
    ancestors: [node_worker_sup,node_sup,node,<0.643.0>]
    message_queue_len: 0
    messages: []
    links: [<0.648.0>]
    dictionary: []
    trap_exit: false
    status: running
    heap_size: 4185
    stack_size: 27
    reductions: 41074
  neighbours:
2018-07-24 15:08:03 =SUPERVISOR REPORT====
     Supervisor: {local,node_worker_sup}
     Context:    child_terminated
     Reason:     {undef,[{lists,length,[[]],[]},{node_generic_tasks_worker,handle_call,3,[{file,"/Users/oxynad/Documents/thesis/GrispLasp/node/_build/test/lib/node/src/node_generic_tasks_worker.erl"},{line,62}]},{gen_server,try_handle_call,4,[{file,"gen_server.erl"},{line,661}]},{gen_server,handle_msg,6,[{file,"gen_server.erl"},{line,690}]},{proc_lib,init_p_do_apply,3,[{file,"proc_lib.erl"},{line,249}]}]}
     Offender:   [{pid,<0.816.0>},{id,node_generic_tasks_worker},{mfargs,{node_generic_tasks_worker,start_link,[]}},{restart_type,permanent},{shutdown,brutal_kill},{child_type,worker}]

2018-07-24 15:08:03 =CRASH REPORT====
  crasher:
    initial call: application_master:init/4
    pid: <0.642.0>
    registered_name: []
    exception exit: {{bad_return,{{node_app,start,[normal,[]]},{'EXIT',{{undef,[{lists,length,[[]],[]},{node_generic_tasks_worker,handle_call,3,[{file,"/Users/oxynad/Documents/thesis/GrispLasp/node/_build/test/lib/node/src/node_generic_tasks_worker.erl"},{line,62}]},{gen_server,try_handle_call,4,[{file,"gen_server.erl"},{line,661}]},{gen_server,handle_msg,6,[{file,"gen_server.erl"},{line,690}]},{proc_lib,init_p_do_apply,3,[{file,"proc_lib.erl"},{line,249}]}]},{gen_server,call,[node_generic_tasks_worker,{start_task,task1}]}}}}},[{application_master,init,4,[{file,"application_master.erl"},{line,138}]},{proc_lib,init_p_do_apply,3,[{file,"proc_lib.erl"},{line,249}]}]}
    ancestors: [<0.641.0>]
    message_queue_len: 1
    messages: [{'EXIT',<0.643.0>,normal}]
    links: [<0.641.0>,<0.42.0>]
    dictionary: []
    trap_exit: true
    status: running
    heap_size: 1598
    stack_size: 27
    reductions: 582
  neighbours:
2018-07-24 15:08:03 =CRASH REPORT====
  crasher:
    initial call: node_generic_tasks_worker:init/1
    pid: <0.820.0>
    registered_name: []
    exception error: {terminated,[{io,format,[<0.642.0>,"Initializing Node Server~n",[]],[]},{node_generic_tasks_worker,init,1,[{file,"/Users/oxynad/Documents/thesis/GrispLasp/node/_build/test/lib/node/src/node_generic_tasks_worker.erl"},{line,51}]},{gen_server,init_it,2,[{file,"gen_server.erl"},{line,374}]},{gen_server,init_it,6,[{file,"gen_server.erl"},{line,342}]},{proc_lib,init_p_do_apply,3,[{file,"proc_lib.erl"},{line,249}]}]}
    ancestors: [node_worker_sup,node_sup,node,<0.643.0>]
    message_queue_len: 0
    messages: []
    links: [<0.648.0>]
    dictionary: []
    trap_exit: false
    status: running
    heap_size: 610
    stack_size: 27
    reductions: 249
  neighbours:
2018-07-24 15:08:03 =ERROR REPORT====
** Generic server node_server terminating 
** Last message in was {'DOWN',#Ref<0.1055049065.3696230402.126885>,process,<0.816.0>,{undef,[{lists,length,[[]],[]},{node_generic_tasks_worker,handle_call,3,[{file,"/Users/oxynad/Documents/thesis/GrispLasp/node/_build/test/lib/node/src/node_generic_tasks_worker.erl"},{line,62}]},{gen_server,try_handle_call,4,[{file,"gen_server.erl"},{line,661}]},{gen_server,handle_msg,6,[{file,"gen_server.erl"},{line,690}]},{proc_lib,init_p_do_apply,3,[{file,"proc_lib.erl"},{line,249}]}]}}
** When Server state == {server_state,<0.648.0>,{5,{#Ref<0.1055049065.3696230401.137574>,nil,{#Ref<0.1055049065.3696230401.137583>,nil,{#Ref<0.1055049065.3696230402.126876>,nil,{#Ref<0.1055049065.3696230402.126885>,nil,{#Ref<0.1055049065.3696230402.126894>,nil,nil}}}}}}}
** Reason for termination == 
** {terminated,[{io,format,[<0.642.0>,"=== Terminating Gen Server (reason: ~p) ===~n",[{terminated,[{io,format,[<0.642.0>,"=== Worker ~p is dead (because of ~p), removing him from workers set ===~n",[<0.816.0>,{undef,[{lists,length,[[]],[]},{node_generic_tasks_worker,handle_call,3,[{file,"/Users/oxynad/Documents/thesis/GrispLasp/node/_build/test/lib/node/src/node_generic_tasks_worker.erl"},{line,62}]},{gen_server,try_handle_call,4,[{file,"gen_server.erl"},{line,661}]},{gen_server,handle_msg,6,[{file,"gen_server.erl"},{line,690}]},{proc_lib,init_p_do_apply,3,[{file,"proc_lib.erl"},{line,249}]}]}]],[]},{node_server,handle_info,2,[{file,"/Users/oxynad/Documents/thesis/GrispLasp/node/_build/test/lib/node/src/node_server.erl"},{line,100}]},{gen_server,try_dispatch,4,[{file,"gen_server.erl"},{line,637}]},{gen_server,handle_msg,6,[{file,"gen_server.erl"},{line,711}]},{proc_lib,init_p_do_apply,3,[{file,"proc_lib.erl"},{line,249}]}]}]],[]},{node_server,terminate,2,[{file,"/Users/oxynad/Documents/thesis/GrispLasp/node/_build/test/lib/node/src/node_server.erl"},{line,126}]},{gen_server,try_terminate,3,[{file,"gen_server.erl"},{line,673}]},{gen_server,terminate,10,[{file,"gen_server.erl"},{line,858}]},{proc_lib,init_p_do_apply,3,[{file,"proc_lib.erl"},{line,249}]}]}
2018-07-24 15:08:03 =SUPERVISOR REPORT====
     Supervisor: {local,node_worker_sup}
     Context:    start_error
     Reason:     {terminated,[{io,format,[<0.642.0>,"Initializing Node Server~n",[]],[]},{node_generic_tasks_worker,init,1,[{file,"/Users/oxynad/Documents/thesis/GrispLasp/node/_build/test/lib/node/src/node_generic_tasks_worker.erl"},{line,51}]},{gen_server,init_it,2,[{file,"gen_server.erl"},{line,374}]},{gen_server,init_it,6,[{file,"gen_server.erl"},{line,342}]},{proc_lib,init_p_do_apply,3,[{file,"proc_lib.erl"},{line,249}]}]}
     Offender:   [{pid,<0.816.0>},{id,node_generic_tasks_worker},{mfargs,{node_generic_tasks_worker,start_link,[]}},{restart_type,permanent},{shutdown,brutal_kill},{child_type,worker}]

2018-07-24 15:08:03 =CRASH REPORT====
  crasher:
    initial call: node_server:init/1
    pid: <0.647.0>
    registered_name: node_server
    exception error: {terminated,[{io,format,[<0.642.0>,"=== Terminating Gen Server (reason: ~p) ===~n",[{terminated,[{io,format,[<0.642.0>,"=== Worker ~p is dead (because of ~p), removing him from workers set ===~n",[<0.816.0>,{undef,[{lists,length,[[]],[]},{node_generic_tasks_worker,handle_call,3,[{file,"/Users/oxynad/Documents/thesis/GrispLasp/node/_build/test/lib/node/src/node_generic_tasks_worker.erl"},{line,62}]},{gen_server,try_handle_call,4,[{file,"gen_server.erl"},{line,661}]},{gen_server,handle_msg,6,[{file,"gen_server.erl"},{line,690}]},{proc_lib,init_p_do_apply,3,[{file,"proc_lib.erl"},{line,249}]}]}]],[]},{node_server,handle_info,2,[{file,"/Users/oxynad/Documents/thesis/GrispLasp/node/_build/test/lib/node/src/node_server.erl"},{line,100}]},{gen_server,try_dispatch,4,[{file,"gen_server.erl"},{line,637}]},{gen_server,handle_msg,6,[{file,"gen_server.erl"},{line,711}]},{proc_lib,init_p_do_apply,3,[{file,"proc_lib.erl"},{line,249}]}]}]],[]},{node_server,terminate,2,[{file,"/Users/oxynad/Documents/thesis/GrispLasp/node/_build/test/lib/node/src/node_server.erl"},{line,126}]},{gen_server,try_terminate,3,[{file,"gen_server.erl"},{line,673}]},{gen_server,terminate,10,[{file,"gen_server.erl"},{line,858}]},{proc_lib,init_p_do_apply,3,[{file,"proc_lib.erl"},{line,249}]}]}
    ancestors: [node_sup,node,<0.643.0>]
    message_queue_len: 6
    messages: [{'DOWN',#Ref<0.1055049065.3696230402.126894>,process,<0.817.0>,killed},{'DOWN',#Ref<0.1055049065.3696230402.126876>,process,<0.815.0>,killed},{'DOWN',#Ref<0.1055049065.3696230401.137583>,process,<0.814.0>,killed},{'DOWN',#Ref<0.1055049065.3696230401.137574>,process,<0.813.0>,killed},{'EXIT',<0.648.0>,shutdown},{'EXIT',<0.646.0>,shutdown}]
    links: []
    dictionary: []
    trap_exit: true
    status: running
    heap_size: 6772
    stack_size: 27
    reductions: 217247
  neighbours:
2018-07-24 15:08:03 =SUPERVISOR REPORT====
     Supervisor: {local,node_sup}
     Context:    shutdown_error
     Reason:     {terminated,[{io,format,[<0.642.0>,"=== Terminating Gen Server (reason: ~p) ===~n",[{terminated,[{io,format,[<0.642.0>,"=== Worker ~p is dead (because of ~p), removing him from workers set ===~n",[<0.816.0>,{undef,[{lists,length,[[]],[]},{node_generic_tasks_worker,handle_call,3,[{file,"/Users/oxynad/Documents/thesis/GrispLasp/node/_build/test/lib/node/src/node_generic_tasks_worker.erl"},{line,62}]},{gen_server,try_handle_call,4,[{file,"gen_server.erl"},{line,661}]},{gen_server,handle_msg,6,[{file,"gen_server.erl"},{line,690}]},{proc_lib,init_p_do_apply,3,[{file,"proc_lib.erl"},{line,249}]}]}]],[]},{node_server,handle_info,2,[{file,"/Users/oxynad/Documents/thesis/GrispLasp/node/_build/test/lib/node/src/node_server.erl"},{line,100}]},{gen_server,try_dispatch,4,[{file,"gen_server.erl"},{line,637}]},{gen_server,handle_msg,6,[{file,"gen_server.erl"},{line,711}]},{proc_lib,init_p_do_apply,3,[{file,"proc_lib.erl"},{line,249}]}]}]],[]},{node_server,terminate,2,[{file,"/Users/oxynad/Documents/thesis/GrispLasp/node/_build/test/lib/node/src/node_server.erl"},{line,126}]},{gen_server,try_terminate,3,[{file,"gen_server.erl"},{line,673}]},{gen_server,terminate,10,[{file,"gen_server.erl"},{line,858}]},{proc_lib,init_p_do_apply,3,[{file,"proc_lib.erl"},{line,249}]}]}
     Offender:   [{pid,<0.647.0>},{id,node_server},{mfargs,{node_server,start_link,[<0.646.0>]}},{restart_type,permanent},{shutdown,5000},{child_type,worker}]

2018-07-24 15:09:17 =ERROR REPORT====
** Generic server node_generic_tasks_worker terminating 
** Last message in was {start_task,task1}
** When Server state == {state,[],[],5000}
** Reason for termination == 
** {'function not exported',[{lists,length,[[]],[]},{node_generic_tasks_worker,handle_call,3,[{file,"/Users/oxynad/Documents/thesis/GrispLasp/node/_build/test/lib/node/src/node_generic_tasks_worker.erl"},{line,62}]},{gen_server,try_handle_call,4,[{file,"gen_server.erl"},{line,661}]},{gen_server,handle_msg,6,[{file,"gen_server.erl"},{line,690}]},{proc_lib,init_p_do_apply,3,[{file,"proc_lib.erl"},{line,249}]}]}
** Client <0.628.0> stacktrace
** [{gen,do_call,4,[{file,"gen.erl"},{line,169}]},{gen_server,call,2,[{file,"gen_server.erl"},{line,211}]},{node_app,start,2,[{file,"/Users/oxynad/Documents/thesis/GrispLasp/node/_build/test/lib/node/src/node_app.erl"},{line,53}]},{application_master,start_it_old,4,[{file,"application_master.erl"},{line,277}]}]
2018-07-24 15:09:17 =CRASH REPORT====
  crasher:
    initial call: node_generic_tasks_worker:init/1
    pid: <0.801.0>
    registered_name: node_generic_tasks_worker
    exception error: {undef,[{lists,length,[[]],[]},{node_generic_tasks_worker,handle_call,3,[{file,"/Users/oxynad/Documents/thesis/GrispLasp/node/_build/test/lib/node/src/node_generic_tasks_worker.erl"},{line,62}]},{gen_server,try_handle_call,4,[{file,"gen_server.erl"},{line,661}]},{gen_server,handle_msg,6,[{file,"gen_server.erl"},{line,690}]},{proc_lib,init_p_do_apply,3,[{file,"proc_lib.erl"},{line,249}]}]}
    ancestors: [node_worker_sup,node_sup,node,<0.628.0>]
    message_queue_len: 0
    messages: []
    links: [<0.633.0>]
    dictionary: []
    trap_exit: false
    status: running
    heap_size: 4185
    stack_size: 27
    reductions: 41058
  neighbours:
2018-07-24 15:09:17 =SUPERVISOR REPORT====
     Supervisor: {local,node_worker_sup}
     Context:    child_terminated
     Reason:     {undef,[{lists,length,[[]],[]},{node_generic_tasks_worker,handle_call,3,[{file,"/Users/oxynad/Documents/thesis/GrispLasp/node/_build/test/lib/node/src/node_generic_tasks_worker.erl"},{line,62}]},{gen_server,try_handle_call,4,[{file,"gen_server.erl"},{line,661}]},{gen_server,handle_msg,6,[{file,"gen_server.erl"},{line,690}]},{proc_lib,init_p_do_apply,3,[{file,"proc_lib.erl"},{line,249}]}]}
     Offender:   [{pid,<0.801.0>},{id,node_generic_tasks_worker},{mfargs,{node_generic_tasks_worker,start_link,[]}},{restart_type,permanent},{shutdown,brutal_kill},{child_type,worker}]

2018-07-24 15:09:17 =CRASH REPORT====
  crasher:
    initial call: application_master:init/4
    pid: <0.627.0>
    registered_name: []
    exception exit: {{bad_return,{{node_app,start,[normal,[]]},{'EXIT',{{undef,[{lists,length,[[]],[]},{node_generic_tasks_worker,handle_call,3,[{file,"/Users/oxynad/Documents/thesis/GrispLasp/node/_build/test/lib/node/src/node_generic_tasks_worker.erl"},{line,62}]},{gen_server,try_handle_call,4,[{file,"gen_server.erl"},{line,661}]},{gen_server,handle_msg,6,[{file,"gen_server.erl"},{line,690}]},{proc_lib,init_p_do_apply,3,[{file,"proc_lib.erl"},{line,249}]}]},{gen_server,call,[node_generic_tasks_worker,{start_task,task1}]}}}}},[{application_master,init,4,[{file,"application_master.erl"},{line,138}]},{proc_lib,init_p_do_apply,3,[{file,"proc_lib.erl"},{line,249}]}]}
    ancestors: [<0.626.0>]
    message_queue_len: 1
    messages: [{'EXIT',<0.628.0>,normal}]
    links: [<0.626.0>,<0.42.0>]
    dictionary: []
    trap_exit: true
    status: running
    heap_size: 1598
    stack_size: 27
    reductions: 533
  neighbours:
2018-07-24 15:09:17 =SUPERVISOR REPORT====
     Supervisor: {local,node_worker_sup}
     Context:    start_error
     Reason:     {terminated,[{io,format,[<0.627.0>,"Initializing Node Server~n",[]],[]},{node_generic_tasks_worker,init,1,[{file,"/Users/oxynad/Documents/thesis/GrispLasp/node/_build/test/lib/node/src/node_generic_tasks_worker.erl"},{line,51}]},{gen_server,init_it,2,[{file,"gen_server.erl"},{line,374}]},{gen_server,init_it,6,[{file,"gen_server.erl"},{line,342}]},{proc_lib,init_p_do_apply,3,[{file,"proc_lib.erl"},{line,249}]}]}
     Offender:   [{pid,<0.801.0>},{id,node_generic_tasks_worker},{mfargs,{node_generic_tasks_worker,start_link,[]}},{restart_type,permanent},{shutdown,brutal_kill},{child_type,worker}]

2018-07-24 15:09:17 =ERROR REPORT====
** Generic server node_server terminating 
** Last message in was {'DOWN',#Ref<0.4226915287.2354053121.1504>,process,<0.802.0>,killed}
** When Server state == {server_state,<0.633.0>,{4,{#Ref<0.4226915287.2354053121.1455>,nil,{#Ref<0.4226915287.2354053121.1465>,nil,{#Ref<0.4226915287.2354053121.1486>,nil,{#Ref<0.4226915287.2354053121.1504>,nil,nil}}}}}}
** Reason for termination == 
** {terminated,[{io,format,[<0.627.0>,"=== Terminating Gen Server (reason: ~p) ===~n",[{terminated,[{io,format,[<0.627.0>,"=== Worker ~p is dead (because of ~p), removing him from workers set ===~n",[<0.802.0>,killed]],[]},{node_server,handle_info,2,[{file,"/Users/oxynad/Documents/thesis/GrispLasp/node/_build/test/lib/node/src/node_server.erl"},{line,100}]},{gen_server,try_dispatch,4,[{file,"gen_server.erl"},{line,637}]},{gen_server,handle_msg,6,[{file,"gen_server.erl"},{line,711}]},{proc_lib,init_p_do_apply,3,[{file,"proc_lib.erl"},{line,249}]}]}]],[]},{node_server,terminate,2,[{file,"/Users/oxynad/Documents/thesis/GrispLasp/node/_build/test/lib/node/src/node_server.erl"},{line,126}]},{gen_server,try_terminate,3,[{file,"gen_server.erl"},{line,673}]},{gen_server,terminate,10,[{file,"gen_server.erl"},{line,858}]},{proc_lib,init_p_do_apply,3,[{file,"proc_lib.erl"},{line,249}]}]}
2018-07-24 15:09:17 =CRASH REPORT====
  crasher:
    initial call: node_server:init/1
    pid: <0.632.0>
    registered_name: node_server
    exception error: {terminated,[{io,format,[<0.627.0>,"=== Terminating Gen Server (reason: ~p) ===~n",[{terminated,[{io,format,[<0.627.0>,"=== Worker ~p is dead (because of ~p), removing him from workers set ===~n",[<0.802.0>,killed]],[]},{node_server,handle_info,2,[{file,"/Users/oxynad/Documents/thesis/GrispLasp/node/_build/test/lib/node/src/node_server.erl"},{line,100}]},{gen_server,try_dispatch,4,[{file,"gen_server.erl"},{line,637}]},{gen_server,handle_msg,6,[{file,"gen_server.erl"},{line,711}]},{proc_lib,init_p_do_apply,3,[{file,"proc_lib.erl"},{line,249}]}]}]],[]},{node_server,terminate,2,[{file,"/Users/oxynad/Documents/thesis/GrispLasp/node/_build/test/lib/node/src/node_server.erl"},{line,126}]},{gen_server,try_terminate,3,[{file,"gen_server.erl"},{line,673}]},{gen_server,terminate,10,[{file,"gen_server.erl"},{line,858}]},{proc_lib,init_p_do_apply,3,[{file,"proc_lib.erl"},{line,249}]}]}
    ancestors: [node_sup,node,<0.628.0>]
    message_queue_len: 5
    messages: [{'DOWN',#Ref<0.4226915287.2354053121.1486>,process,<0.800.0>,killed},{'DOWN',#Ref<0.4226915287.2354053121.1465>,process,<0.799.0>,killed},{'DOWN',#Ref<0.4226915287.2354053121.1455>,process,<0.798.0>,killed},{'EXIT',<0.633.0>,shutdown},{'EXIT',<0.631.0>,shutdown}]
    links: []
    dictionary: []
    trap_exit: true
    status: running
    heap_size: 6772
    stack_size: 27
    reductions: 106629
  neighbours:
2018-07-24 15:09:17 =SUPERVISOR REPORT====
     Supervisor: {local,node_sup}
     Context:    shutdown_error
     Reason:     {terminated,[{io,format,[<0.627.0>,"=== Terminating Gen Server (reason: ~p) ===~n",[{terminated,[{io,format,[<0.627.0>,"=== Worker ~p is dead (because of ~p), removing him from workers set ===~n",[<0.802.0>,killed]],[]},{node_server,handle_info,2,[{file,"/Users/oxynad/Documents/thesis/GrispLasp/node/_build/test/lib/node/src/node_server.erl"},{line,100}]},{gen_server,try_dispatch,4,[{file,"gen_server.erl"},{line,637}]},{gen_server,handle_msg,6,[{file,"gen_server.erl"},{line,711}]},{proc_lib,init_p_do_apply,3,[{file,"proc_lib.erl"},{line,249}]}]}]],[]},{node_server,terminate,2,[{file,"/Users/oxynad/Documents/thesis/GrispLasp/node/_build/test/lib/node/src/node_server.erl"},{line,126}]},{gen_server,try_terminate,3,[{file,"gen_server.erl"},{line,673}]},{gen_server,terminate,10,[{file,"gen_server.erl"},{line,858}]},{proc_lib,init_p_do_apply,3,[{file,"proc_lib.erl"},{line,249}]}]}
     Offender:   [{pid,<0.632.0>},{id,node_server},{mfargs,{node_server,start_link,[<0.631.0>]}},{restart_type,permanent},{shutdown,5000},{child_type,worker}]

2018-07-24 15:14:27 =ERROR REPORT====
** Generic server node_storage_server terminating 
** Last message in was {monitor_memory_usage}
** When Server state == {}
** Reason for termination == 
** {badarg,[{node_storage_server,'-persist_crdts/0-fun-1-',1,[{file,"/Users/oxynad/Documents/thesis/GrispLasp/node/_build/test/lib/node/src/node_storage_server.erl"},{line,85}]},{lists,foreach,2,[{file,"lists.erl"},{line,1338}]},{node_storage_server,handle_info,2,[{file,"/Users/oxynad/Documents/thesis/GrispLasp/node/_build/test/lib/node/src/node_storage_server.erl"},{line,40}]},{gen_server,try_dispatch,4,[{file,"gen_server.erl"},{line,637}]},{gen_server,handle_msg,6,[{file,"gen_server.erl"},{line,711}]},{proc_lib,init_p_do_apply,3,[{file,"proc_lib.erl"},{line,249}]}]}
2018-07-24 15:14:27 =CRASH REPORT====
  crasher:
    initial call: node_storage_server:init/1
    pid: <0.814.0>
    registered_name: node_storage_server
    exception error: bad argument: [{node_storage_server,'-persist_crdts/0-fun-1-',1,[{file,"/Users/oxynad/Documents/thesis/GrispLasp/node/_build/test/lib/node/src/node_storage_server.erl"},{line,85}]},{lists,foreach,2,[{file,"lists.erl"},{line,1338}]},{node_storage_server,handle_info,2,[{file,"/Users/oxynad/Documents/thesis/GrispLasp/node/_build/test/lib/node/src/node_storage_server.erl"},{line,40}]},{gen_server,try_dispatch,4,[{file,"gen_server.erl"},{line,637}]},{gen_server,handle_msg,6,[{file,"gen_server.erl"},{line,711}]},{proc_lib,init_p_do_apply,3,[{file,"proc_lib.erl"},{line,249}]}]
    ancestors: [node_worker_sup,node_sup,node,<0.643.0>]
    message_queue_len: 0
    messages: []
    links: [<0.648.0>]
    dictionary: []
    trap_exit: false
    status: running
    heap_size: 6772
    stack_size: 27
    reductions: 35070
  neighbours:
2018-07-24 15:14:27 =SUPERVISOR REPORT====
     Supervisor: {local,node_worker_sup}
     Context:    child_terminated
     Reason:     {badarg,[{node_storage_server,'-persist_crdts/0-fun-1-',1,[{file,"/Users/oxynad/Documents/thesis/GrispLasp/node/_build/test/lib/node/src/node_storage_server.erl"},{line,85}]},{lists,foreach,2,[{file,"lists.erl"},{line,1338}]},{node_storage_server,handle_info,2,[{file,"/Users/oxynad/Documents/thesis/GrispLasp/node/_build/test/lib/node/src/node_storage_server.erl"},{line,40}]},{gen_server,try_dispatch,4,[{file,"gen_server.erl"},{line,637}]},{gen_server,handle_msg,6,[{file,"gen_server.erl"},{line,711}]},{proc_lib,init_p_do_apply,3,[{file,"proc_lib.erl"},{line,249}]}]}
     Offender:   [{pid,<0.814.0>},{id,node_storage_server},{mfargs,{node_storage_server,start_link,[]}},{restart_type,permanent},{shutdown,brutal_kill},{child_type,worker}]

2018-07-24 15:25:18 =ERROR REPORT====
** Generic server node_storage_server terminating 
** Last message in was {monitor_memory_usage}
** When Server state == {}
** Reason for termination == 
** {{badrecord,set},[{sets,fold_set,3,[{file,"sets.erl"},{line,303}]},{node_storage_server,'-persist_crdts/0-fun-1-',1,[{file,"/Users/oxynad/Documents/thesis/GrispLasp/node/_build/test/lib/node/src/node_storage_server.erl"},{line,86}]},{lists,foreach,2,[{file,"lists.erl"},{line,1338}]},{node_storage_server,handle_info,2,[{file,"/Users/oxynad/Documents/thesis/GrispLasp/node/_build/test/lib/node/src/node_storage_server.erl"},{line,40}]},{gen_server,try_dispatch,4,[{file,"gen_server.erl"},{line,637}]},{gen_server,handle_msg,6,[{file,"gen_server.erl"},{line,711}]},{proc_lib,init_p_do_apply,3,[{file,"proc_lib.erl"},{line,249}]}]}
2018-07-24 15:25:18 =CRASH REPORT====
  crasher:
    initial call: node_storage_server:init/1
    pid: <0.805.0>
    registered_name: node_storage_server
    exception error: {{badrecord,set},[{sets,fold_set,3,[{file,"sets.erl"},{line,303}]},{node_storage_server,'-persist_crdts/0-fun-1-',1,[{file,"/Users/oxynad/Documents/thesis/GrispLasp/node/_build/test/lib/node/src/node_storage_server.erl"},{line,86}]},{lists,foreach,2,[{file,"lists.erl"},{line,1338}]},{node_storage_server,handle_info,2,[{file,"/Users/oxynad/Documents/thesis/GrispLasp/node/_build/test/lib/node/src/node_storage_server.erl"},{line,40}]},{gen_server,try_dispatch,4,[{file,"gen_server.erl"},{line,637}]},{gen_server,handle_msg,6,[{file,"gen_server.erl"},{line,711}]},{proc_lib,init_p_do_apply,3,[{file,"proc_lib.erl"},{line,249}]}]}
    ancestors: [node_worker_sup,node_sup,node,<0.634.0>]
    message_queue_len: 0
    messages: []
    links: [<0.639.0>]
    dictionary: []
    trap_exit: false
    status: running
    heap_size: 4185
    stack_size: 27
    reductions: 38328
  neighbours:
2018-07-24 15:25:18 =SUPERVISOR REPORT====
     Supervisor: {local,node_worker_sup}
     Context:    child_terminated
     Reason:     {{badrecord,set},[{sets,fold_set,3,[{file,"sets.erl"},{line,303}]},{node_storage_server,'-persist_crdts/0-fun-1-',1,[{file,"/Users/oxynad/Documents/thesis/GrispLasp/node/_build/test/lib/node/src/node_storage_server.erl"},{line,86}]},{lists,foreach,2,[{file,"lists.erl"},{line,1338}]},{node_storage_server,handle_info,2,[{file,"/Users/oxynad/Documents/thesis/GrispLasp/node/_build/test/lib/node/src/node_storage_server.erl"},{line,40}]},{gen_server,try_dispatch,4,[{file,"gen_server.erl"},{line,637}]},{gen_server,handle_msg,6,[{file,"gen_server.erl"},{line,711}]},{proc_lib,init_p_do_apply,3,[{file,"proc_lib.erl"},{line,249}]}]}
     Offender:   [{pid,<0.805.0>},{id,node_storage_server},{mfargs,{node_storage_server,start_link,[]}},{restart_type,permanent},{shutdown,brutal_kill},{child_type,worker}]

2018-07-24 15:28:07 =ERROR REPORT====
** Generic server node_storage_server terminating 
** Last message in was {monitor_memory_usage}
** When Server state == {}
** Reason for termination == 
** {{badrecord,set},[{sets,fold_set,3,[{file,"sets.erl"},{line,303}]},{node_storage_server,'-persist_crdts/0-fun-1-',1,[{file,"/Users/oxynad/Documents/thesis/GrispLasp/node/_build/test/lib/node/src/node_storage_server.erl"},{line,88}]},{lists,foreach,2,[{file,"lists.erl"},{line,1338}]},{node_storage_server,handle_info,2,[{file,"/Users/oxynad/Documents/thesis/GrispLasp/node/_build/test/lib/node/src/node_storage_server.erl"},{line,40}]},{gen_server,try_dispatch,4,[{file,"gen_server.erl"},{line,637}]},{gen_server,handle_msg,6,[{file,"gen_server.erl"},{line,711}]},{proc_lib,init_p_do_apply,3,[{file,"proc_lib.erl"},{line,249}]}]}
2018-07-24 15:28:07 =CRASH REPORT====
  crasher:
    initial call: node_storage_server:init/1
    pid: <0.790.0>
    registered_name: node_storage_server
    exception error: {{badrecord,set},[{sets,fold_set,3,[{file,"sets.erl"},{line,303}]},{node_storage_server,'-persist_crdts/0-fun-1-',1,[{file,"/Users/oxynad/Documents/thesis/GrispLasp/node/_build/test/lib/node/src/node_storage_server.erl"},{line,88}]},{lists,foreach,2,[{file,"lists.erl"},{line,1338}]},{node_storage_server,handle_info,2,[{file,"/Users/oxynad/Documents/thesis/GrispLasp/node/_build/test/lib/node/src/node_storage_server.erl"},{line,40}]},{gen_server,try_dispatch,4,[{file,"gen_server.erl"},{line,637}]},{gen_server,handle_msg,6,[{file,"gen_server.erl"},{line,711}]},{proc_lib,init_p_do_apply,3,[{file,"proc_lib.erl"},{line,249}]}]}
    ancestors: [node_worker_sup,node_sup,node,<0.619.0>]
    message_queue_len: 0
    messages: []
    links: [<0.624.0>]
    dictionary: []
    trap_exit: false
    status: running
    heap_size: 6772
    stack_size: 27
    reductions: 38337
  neighbours:
2018-07-24 15:28:07 =SUPERVISOR REPORT====
     Supervisor: {local,node_worker_sup}
     Context:    child_terminated
     Reason:     {{badrecord,set},[{sets,fold_set,3,[{file,"sets.erl"},{line,303}]},{node_storage_server,'-persist_crdts/0-fun-1-',1,[{file,"/Users/oxynad/Documents/thesis/GrispLasp/node/_build/test/lib/node/src/node_storage_server.erl"},{line,88}]},{lists,foreach,2,[{file,"lists.erl"},{line,1338}]},{node_storage_server,handle_info,2,[{file,"/Users/oxynad/Documents/thesis/GrispLasp/node/_build/test/lib/node/src/node_storage_server.erl"},{line,40}]},{gen_server,try_dispatch,4,[{file,"gen_server.erl"},{line,637}]},{gen_server,handle_msg,6,[{file,"gen_server.erl"},{line,711}]},{proc_lib,init_p_do_apply,3,[{file,"proc_lib.erl"},{line,249}]}]}
     Offender:   [{pid,<0.790.0>},{id,node_storage_server},{mfargs,{node_storage_server,start_link,[]}},{restart_type,permanent},{shutdown,brutal_kill},{child_type,worker}]

2018-07-24 15:48:17 =ERROR REPORT====
** Generic server lasp_distribution_backend terminating 
** Last message in was {update,{<<"temp">>,state_orset},{rmv_all,{set,1,16,16,8,80,48,{[],[],[],[],[],[],[],[],[],[],[],[],[],[],[],[]},{{[],[],[],[],[],[],[],[],[],[],[],[],[],[],[],[{generic_node_2@GrispAdhoc,11.0,1,[11.0],[11.0]}]}}}},<0.790.0>}
** When Server state == {state,<0.782.0>,[],<<202,105,104,186,185,20,178,116,200,76,56,223,164,254,187,80,225,81,137,159>>}
** Reason for termination == 
** {function_clause,[{lists,foldl,[#Fun<state_orset.0.20506708>,{state_orset,[]},{set,1,16,16,8,80,48,{[],[],[],[],[],[],[],[],[],[],[],[],[],[],[],[]},{{[],[],[],[],[],[],[],[],[],[],[],[],[],[],[],[{generic_node_2@GrispAdhoc,11.0,1,[11.0],[11.0]}]}}}],[{file,"lists.erl"},{line,1262}]},{state_orset,delta_mutate,3,[{file,"/Users/oxynad/Documents/thesis/GrispLasp/node/_build/default/lib/types/src/state_orset.erl"},{line,126}]},{state_type,mutate,3,[{file,"/Users/oxynad/Documents/thesis/GrispLasp/node/_build/default/lib/types/src/state_type.erl"},{line,125}]},{lasp_core,update,6,[{file,"/Users/oxynad/Documents/thesis/GrispLasp/node/_build/default/lib/lasp/src/lasp_core.erl"},{line,443}]},{lasp_distribution_backend,handle_call,3,[{file,"/Users/oxynad/Documents/thesis/GrispLasp/node/_build/default/lib/lasp/src/lasp_distribution_backend.erl"},{line,603}]},{gen_server,try_handle_call,4,[{file,"gen_server.erl"},{line,661}]},{gen_server,handle_msg,6,[{file,"gen_server.erl"},{line,690}]},{proc_lib,init_p_do_apply,3,[{file,"proc_lib.erl"},{line,249}]}]}
** Client node_storage_server stacktrace
** [{gen,do_call,4,[{file,"gen.erl"},{line,169}]},{gen_server,call,3,[{file,"gen_server.erl"},{line,219}]},{node_storage_server,'-persist_crdts/0-fun-1-',1,[{file,"/Users/oxynad/Documents/thesis/GrispLasp/node/_build/test/lib/node/src/node_storage_server.erl"},{line,89}]},{lists,foreach,2,[{file,"lists.erl"},{line,1338}]},{node_storage_server,handle_info,2,[{file,"/Users/oxynad/Documents/thesis/GrispLasp/node/_build/test/lib/node/src/node_storage_server.erl"},{line,40}]},{gen_server,try_dispatch,4,[{file,"gen_server.erl"},{line,637}]},{gen_server,handle_msg,6,[{file,"gen_server.erl"},{line,711}]},{proc_lib,init_p_do_apply,3,[{file,"proc_lib.erl"},{line,249}]}]
2018-07-24 15:48:17 =CRASH REPORT====
  crasher:
    initial call: lasp_distribution_backend:init/1
    pid: <0.779.0>
    registered_name: lasp_distribution_backend
    exception error: {function_clause,[{lists,foldl,[#Fun<state_orset.0.20506708>,{state_orset,[]},{set,1,16,16,8,80,48,{[],[],[],[],[],[],[],[],[],[],[],[],[],[],[],[]},{{[],[],[],[],[],[],[],[],[],[],[],[],[],[],[],[{generic_node_2@GrispAdhoc,11.0,1,[11.0],[11.0]}]}}}],[{file,"lists.erl"},{line,1262}]},{state_orset,delta_mutate,3,[{file,"/Users/oxynad/Documents/thesis/GrispLasp/node/_build/default/lib/types/src/state_orset.erl"},{line,126}]},{state_type,mutate,3,[{file,"/Users/oxynad/Documents/thesis/GrispLasp/node/_build/default/lib/types/src/state_type.erl"},{line,125}]},{lasp_core,update,6,[{file,"/Users/oxynad/Documents/thesis/GrispLasp/node/_build/default/lib/lasp/src/lasp_core.erl"},{line,443}]},{lasp_distribution_backend,handle_call,3,[{file,"/Users/oxynad/Documents/thesis/GrispLasp/node/_build/default/lib/lasp/src/lasp_distribution_backend.erl"},{line,603}]},{gen_server,try_handle_call,4,[{file,"gen_server.erl"},{line,661}]},{gen_server,handle_msg,6,[{file,"gen_server.erl"},{line,690}]},{proc_lib,init_p_do_apply,3,[{file,"proc_lib.erl"},{line,249}]}]}
    ancestors: [lasp_sup,<0.731.0>]
    message_queue_len: 0
    messages: []
    links: [<0.782.0>,<0.784.0>,<0.732.0>]
    dictionary: [{rand_seed,{#{jump => #Fun<rand.16.10897371>,max => 288230376151711743,next => #Fun<rand.15.10897371>,type => exsplus},[226420242080228106|205943940916452927]}}]
    trap_exit: false
    status: running
    heap_size: 1598
    stack_size: 27
    reductions: 136881
  neighbours:
    neighbour: [{pid,<0.783.0>},{registered_name,lasp_ets_storage_backend},{initial_call,{lasp_ets_storage_backend,init,['Argument__1']}},{current_function,{gen_server,loop,7}},{ancestors,[lasp_storage_backend,lasp_distribution_backend,lasp_sup,<0.731.0>]},{message_queue_len,0},{links,[<0.782.0>]},{trap_exit,false},{status,waiting},{heap_size,1598},{stack_size,10},{reductions,1457},{current_stacktrace,[{gen_server,loop,7,[{file,"gen_server.erl"},{line,403}]},{proc_lib,init_p_do_apply,3,[{file,"proc_lib.erl"},{line,249}]}]}]
    neighbour: [{pid,<0.784.0>},{registered_name,lasp_state_based_synchronization_backend},{initial_call,{lasp_state_based_synchronization_backend,init,['Argument__1']}},{current_function,{gen_server,loop,7}},{ancestors,[lasp_distribution_backend,lasp_sup,<0.731.0>]},{message_queue_len,0},{links,[<0.779.0>]},{trap_exit,false},{status,waiting},{heap_size,2586},{stack_size,10},{reductions,1540},{current_stacktrace,[{gen_server,loop,7,[{file,"gen_server.erl"},{line,403}]},{proc_lib,init_p_do_apply,3,[{file,"proc_lib.erl"},{line,249}]}]}]
    neighbour: [{pid,<0.782.0>},{registered_name,lasp_storage_backend},{initial_call,{lasp_storage_backend,init,['Argument__1']}},{current_function,{gen_server,loop,7}},{ancestors,[lasp_distribution_backend,lasp_sup,<0.731.0>]},{message_queue_len,0},{links,[<0.779.0>,<0.783.0>]},{trap_exit,false},{status,waiting},{heap_size,610},{stack_size,10},{reductions,1344},{current_stacktrace,[{gen_server,loop,7,[{file,"gen_server.erl"},{line,403}]},{proc_lib,init_p_do_apply,3,[{file,"proc_lib.erl"},{line,249}]}]}]
2018-07-24 15:48:17 =SUPERVISOR REPORT====
     Supervisor: {local,lasp_sup}
     Context:    child_terminated
     Reason:     {function_clause,[{lists,foldl,[#Fun<state_orset.0.20506708>,{state_orset,[]},{set,1,16,16,8,80,48,{[],[],[],[],[],[],[],[],[],[],[],[],[],[],[],[]},{{[],[],[],[],[],[],[],[],[],[],[],[],[],[],[],[{generic_node_2@GrispAdhoc,11.0,1,[11.0],[11.0]}]}}}],[{file,"lists.erl"},{line,1262}]},{state_orset,delta_mutate,3,[{file,"/Users/oxynad/Documents/thesis/GrispLasp/node/_build/default/lib/types/src/state_orset.erl"},{line,126}]},{state_type,mutate,3,[{file,"/Users/oxynad/Documents/thesis/GrispLasp/node/_build/default/lib/types/src/state_type.erl"},{line,125}]},{lasp_core,update,6,[{file,"/Users/oxynad/Documents/thesis/GrispLasp/node/_build/default/lib/lasp/src/lasp_core.erl"},{line,443}]},{lasp_distribution_backend,handle_call,3,[{file,"/Users/oxynad/Documents/thesis/GrispLasp/node/_build/default/lib/lasp/src/lasp_distribution_backend.erl"},{line,603}]},{gen_server,try_handle_call,4,[{file,"gen_server.erl"},{line,661}]},{gen_server,handle_msg,6,[{file,"gen_server.erl"},{line,690}]},{proc_lib,init_p_do_apply,3,[{file,"proc_lib.erl"},{line,249}]}]}
     Offender:   [{pid,<0.779.0>},{id,lasp_distribution_backend},{mfargs,{lasp_distribution_backend,start_link,[]}},{restart_type,permanent},{shutdown,5000},{child_type,worker}]

2018-07-24 15:48:17 =ERROR REPORT====
** Generic server node_storage_server terminating 
** Last message in was {monitor_memory_usage}
** When Server state == {}
** Reason for termination == 
** {{{function_clause,[{lists,foldl,[#Fun<state_orset.0.20506708>,{state_orset,[]},{set,1,16,16,8,80,48,{[],[],[],[],[],[],[],[],[],[],[],[],[],[],[],[]},{{[],[],[],[],[],[],[],[],[],[],[],[],[],[],[],[{generic_node_2@GrispAdhoc,11.0,1,[11.0],[11.0]}]}}}],[{file,"lists.erl"},{line,1262}]},{state_orset,delta_mutate,3,[{file,"/Users/oxynad/Documents/thesis/GrispLasp/node/_build/default/lib/types/src/state_orset.erl"},{line,126}]},{state_type,mutate,3,[{file,"/Users/oxynad/Documents/thesis/GrispLasp/node/_build/default/lib/types/src/state_type.erl"},{line,125}]},{lasp_core,update,6,[{file,"/Users/oxynad/Documents/thesis/GrispLasp/node/_build/default/lib/lasp/src/lasp_core.erl"},{line,443}]},{lasp_distribution_backend,handle_call,3,[{file,"/Users/oxynad/Documents/thesis/GrispLasp/node/_build/default/lib/lasp/src/lasp_distribution_backend.erl"},{line,603}]},{gen_server,try_handle_call,4,[{file,"gen_server.erl"},{line,661}]},{gen_server,handle_msg,6,[{file,"gen_server.erl"},{line,690}]},{proc_lib,init_p_do_apply,3,[{file,"proc_lib.erl"},{line,249}]}]},{gen_server,call,[lasp_distribution_backend,{update,{<<"temp">>,state_orset},{rmv_all,{set,1,16,16,8,80,48,{[],[],[],[],[],[],[],[],[],[],[],[],[],[],[],[]},{{[],[],[],[],[],[],[],[],[],[],[],[],[],[],[],[{generic_node_2@GrispAdhoc,11.0,1,[11.0],[11.0]}]}}}},<0.790.0>},infinity]}},[{gen_server,call,3,[{file,"gen_server.erl"},{line,223}]},{node_storage_server,'-persist_crdts/0-fun-1-',1,[{file,"/Users/oxynad/Documents/thesis/GrispLasp/node/_build/test/lib/node/src/node_storage_server.erl"},{line,89}]},{lists,foreach,2,[{file,"lists.erl"},{line,1338}]},{node_storage_server,handle_info,2,[{file,"/Users/oxynad/Documents/thesis/GrispLasp/node/_build/test/lib/node/src/node_storage_server.erl"},{line,40}]},{gen_server,try_dispatch,4,[{file,"gen_server.erl"},{line,637}]},{gen_server,handle_msg,6,[{file,"gen_server.erl"},{line,711}]},{proc_lib,init_p_do_apply,3,[{file,"proc_lib.erl"},{line,249}]}]}
2018-07-24 15:48:17 =CRASH REPORT====
  crasher:
    initial call: node_storage_server:init/1
    pid: <0.790.0>
    registered_name: node_storage_server
    exception exit: {{{function_clause,[{lists,foldl,[#Fun<state_orset.0.20506708>,{state_orset,[]},{set,1,16,16,8,80,48,{[],[],[],[],[],[],[],[],[],[],[],[],[],[],[],[]},{{[],[],[],[],[],[],[],[],[],[],[],[],[],[],[],[{generic_node_2@GrispAdhoc,11.0,1,[11.0],[11.0]}]}}}],[{file,"lists.erl"},{line,1262}]},{state_orset,delta_mutate,3,[{file,"/Users/oxynad/Documents/thesis/GrispLasp/node/_build/default/lib/types/src/state_orset.erl"},{line,126}]},{state_type,mutate,3,[{file,"/Users/oxynad/Documents/thesis/GrispLasp/node/_build/default/lib/types/src/state_type.erl"},{line,125}]},{lasp_core,update,6,[{file,"/Users/oxynad/Documents/thesis/GrispLasp/node/_build/default/lib/lasp/src/lasp_core.erl"},{line,443}]},{lasp_distribution_backend,handle_call,3,[{file,"/Users/oxynad/Documents/thesis/GrispLasp/node/_build/default/lib/lasp/src/lasp_distribution_backend.erl"},{line,603}]},{gen_server,try_handle_call,4,[{file,"gen_server.erl"},{line,661}]},{gen_server,handle_msg,6,[{file,"gen_server.erl"},{line,690}]},{proc_lib,init_p_do_apply,3,[{file,"proc_lib.erl"},{line,249}]}]},{gen_server,call,[lasp_distribution_backend,{update,{<<"temp">>,state_orset},{rmv_all,{set,1,16,16,8,80,48,{[],[],[],[],[],[],[],[],[],[],[],[],[],[],[],[]},{{[],[],[],[],[],[],[],[],[],[],[],[],[],[],[],[{generic_node_2@GrispAdhoc,11.0,1,[11.0],[11.0]}]}}}},<0.790.0>},infinity]}},[{gen_server,call,3,[{file,"gen_server.erl"},{line,223}]},{node_storage_server,'-persist_crdts/0-fun-1-',1,[{file,"/Users/oxynad/Documents/thesis/GrispLasp/node/_build/test/lib/node/src/node_storage_server.erl"},{line,89}]},{lists,foreach,2,[{file,"lists.erl"},{line,1338}]},{node_storage_server,handle_info,2,[{file,"/Users/oxynad/Documents/thesis/GrispLasp/node/_build/test/lib/node/src/node_storage_server.erl"},{line,40}]},{gen_server,try_dispatch,4,[{file,"gen_server.erl"},{line,637}]},{gen_server,handle_msg,6,[{file,"gen_server.erl"},{line,711}]},{proc_lib,init_p_do_apply,3,[{file,"proc_lib.erl"},{line,249}]}]}
    ancestors: [node_worker_sup,node_sup,node,<0.619.0>]
    message_queue_len: 0
    messages: []
    links: [<0.624.0>]
    dictionary: []
    trap_exit: false
    status: running
    heap_size: 4185
    stack_size: 27
    reductions: 154421
  neighbours:
2018-07-24 15:48:17 =SUPERVISOR REPORT====
     Supervisor: {local,node_worker_sup}
     Context:    child_terminated
     Reason:     {{function_clause,[{lists,foldl,[#Fun<state_orset.0.20506708>,{state_orset,[]},{set,1,16,16,8,80,48,{[],[],[],[],[],[],[],[],[],[],[],[],[],[],[],[]},{{[],[],[],[],[],[],[],[],[],[],[],[],[],[],[],[{generic_node_2@GrispAdhoc,11.0,1,[11.0],[11.0]}]}}}],[{file,"lists.erl"},{line,1262}]},{state_orset,delta_mutate,3,[{file,"/Users/oxynad/Documents/thesis/GrispLasp/node/_build/default/lib/types/src/state_orset.erl"},{line,126}]},{state_type,mutate,3,[{file,"/Users/oxynad/Documents/thesis/GrispLasp/node/_build/default/lib/types/src/state_type.erl"},{line,125}]},{lasp_core,update,6,[{file,"/Users/oxynad/Documents/thesis/GrispLasp/node/_build/default/lib/lasp/src/lasp_core.erl"},{line,443}]},{lasp_distribution_backend,handle_call,3,[{file,"/Users/oxynad/Documents/thesis/GrispLasp/node/_build/default/lib/lasp/src/lasp_distribution_backend.erl"},{line,603}]},{gen_server,try_handle_call,4,[{file,"gen_server.erl"},{line,661}]},{gen_server,handle_msg,6,[{file,"gen_server.erl"},{line,690}]},{proc_lib,init_p_do_apply,3,[{file,"proc_lib.erl"},{line,249}]}]},{gen_server,call,[lasp_distribution_backend,{update,{<<"temp">>,state_orset},{rmv_all,{set,1,16,16,8,80,48,{[],[],[],[],[],[],[],[],[],[],[],[],[],[],[],[]},{{[],[],[],[],[],[],[],[],[],[],[],[],[],[],[],[{generic_node_2@GrispAdhoc,11.0,1,[11.0],[11.0]}]}}}},<0.790.0>},infinity]}}
     Offender:   [{pid,<0.790.0>},{id,node_storage_server},{mfargs,{node_storage_server,start_link,[]}},{restart_type,permanent},{shutdown,brutal_kill},{child_type,worker}]

2018-07-24 16:31:07 =ERROR REPORT====
** Generic server node_storage_server terminating 
** Last message in was {monitor_memory_usage}
** When Server state == {}
** Reason for termination == 
** {badarith,[{node_storage_server,'-persist_crdts/0-fun-1-',1,[{file,"/Users/oxynad/Documents/thesis/GrispLasp/node/_build/test/lib/node/src/node_storage_server.erl"},{line,91}]},{lists,foreach,2,[{file,"lists.erl"},{line,1338}]},{node_storage_server,handle_info,2,[{file,"/Users/oxynad/Documents/thesis/GrispLasp/node/_build/test/lib/node/src/node_storage_server.erl"},{line,40}]},{gen_server,try_dispatch,4,[{file,"gen_server.erl"},{line,637}]},{gen_server,handle_msg,6,[{file,"gen_server.erl"},{line,711}]},{proc_lib,init_p_do_apply,3,[{file,"proc_lib.erl"},{line,249}]}]}
2018-07-24 16:31:07 =CRASH REPORT====
  crasher:
    initial call: node_storage_server:init/1
    pid: <0.790.0>
    registered_name: node_storage_server
    exception error: {badarith,[{node_storage_server,'-persist_crdts/0-fun-1-',1,[{file,"/Users/oxynad/Documents/thesis/GrispLasp/node/_build/test/lib/node/src/node_storage_server.erl"},{line,91}]},{lists,foreach,2,[{file,"lists.erl"},{line,1338}]},{node_storage_server,handle_info,2,[{file,"/Users/oxynad/Documents/thesis/GrispLasp/node/_build/test/lib/node/src/node_storage_server.erl"},{line,40}]},{gen_server,try_dispatch,4,[{file,"gen_server.erl"},{line,637}]},{gen_server,handle_msg,6,[{file,"gen_server.erl"},{line,711}]},{proc_lib,init_p_do_apply,3,[{file,"proc_lib.erl"},{line,249}]}]}
    ancestors: [node_worker_sup,node_sup,node,<0.619.0>]
    message_queue_len: 0
    messages: []
    links: [<0.624.0>]
    dictionary: []
    trap_exit: false
    status: running
    heap_size: 4185
    stack_size: 27
    reductions: 35262
  neighbours:
2018-07-24 16:31:07 =SUPERVISOR REPORT====
     Supervisor: {local,node_worker_sup}
     Context:    child_terminated
     Reason:     {badarith,[{node_storage_server,'-persist_crdts/0-fun-1-',1,[{file,"/Users/oxynad/Documents/thesis/GrispLasp/node/_build/test/lib/node/src/node_storage_server.erl"},{line,91}]},{lists,foreach,2,[{file,"lists.erl"},{line,1338}]},{node_storage_server,handle_info,2,[{file,"/Users/oxynad/Documents/thesis/GrispLasp/node/_build/test/lib/node/src/node_storage_server.erl"},{line,40}]},{gen_server,try_dispatch,4,[{file,"gen_server.erl"},{line,637}]},{gen_server,handle_msg,6,[{file,"gen_server.erl"},{line,711}]},{proc_lib,init_p_do_apply,3,[{file,"proc_lib.erl"},{line,249}]}]}
     Offender:   [{pid,<0.790.0>},{id,node_storage_server},{mfargs,{node_storage_server,start_link,[]}},{restart_type,permanent},{shutdown,brutal_kill},{child_type,worker}]

